1.9699 	WARNING 	We strongly recommend you activate the PTB sound engine in PsychoPy prefs as the preferred audio engine. Its timing is vastly superior. Your prefs are currently set to use ['sounddevice', 'PTB', 'pyo', 'pygame'] (in that order).
21.6805 	EXP 	Created window1 = Window(allowGUI=True, allowStencil=False, autoLog=True, backendConf=UNKNOWN, bitsMode=UNKNOWN, blendMode='avg', bpc=(8, 8, 8), color=array([-1., -1., -1.]), colorSpace='rgb', depthBits=8, fullscr=<method-wrapper '__getattribute__' of attributeSetter object at 0x000001EB799E1070>, gamma=None, gammaErrorPolicy='raise', lms=UNKNOWN, monitor=<psychopy.monitors.calibTools.Monitor object at 0x000001EB7EBB4850>, multiSample=False, name='window1', numSamples=2, pos=(0, 0), screen=0, size=array([1920, 1080]), stencilBits=0, stereo=False, units='height', useFBO=True, useRetina=False, viewOri=0.0, viewPos=None, viewScale=None, waitBlanking=True, winType='pyglet')
21.6806 	EXP 	window1: mouseVisible = True
21.6807 	EXP 	window1: mouseVisible = False
21.6807 	EXP 	window1: Attempting to measure frame rate of screen (0) ...
21.6807 	EXP 	window1: recordFrameIntervals = False
21.8462 	EXP 	window1: recordFrameIntervals = True
22.0294 	EXP 	Screen (0) actual frame rate measured at 60.11Hz
22.0295 	EXP 	window1: recordFrameIntervals = False
24.6086 	EXP 	Created ConsentText = TextStim(__class__=<class 'psychopy.visual.text.TextStim'>, alignHoriz=method-wrapper(...), alignText='center', alignVert=method-wrapper(...), anchorHoriz='center', anchorVert='center', antialias=True, autoDraw=False, autoLog=True, bold=False, color=array([1, 1, 1]), colorSpace='rgb', contrast=1.0, depth=0.0, flipHoriz=False, flipVert=False, font='Open Sans', fontFiles=[], height=0.03, italic=False, languageStyle='LTR', name='ConsentText', opacity=1.0, ori=0.0, pos=array([0., 0.]), rgb=UNKNOWN, text=str(...), units='height', win=Window(...), wrapWidth=1)
24.6297 	EXP 	Created WelcomeText = TextStim(__class__=<class 'psychopy.visual.text.TextStim'>, alignHoriz=method-wrapper(...), alignText='center', alignVert=method-wrapper(...), anchorHoriz='center', anchorVert='center', antialias=True, autoDraw=False, autoLog=True, bold=False, color=array([1, 1, 1]), colorSpace='rgb', contrast=1.0, depth=0.0, flipHoriz=False, flipVert=False, font='Open Sans', fontFiles=[], height=0.05, italic=False, languageStyle='LTR', name='WelcomeText', opacity=1.0, ori=0.0, pos=array([0., 0.]), rgb=UNKNOWN, text=str(...), units='height', win=Window(...), wrapWidth=1)
24.6424 	EXP 	Created PracticeText = TextStim(__class__=<class 'psychopy.visual.text.TextStim'>, alignHoriz=method-wrapper(...), alignText='center', alignVert=method-wrapper(...), anchorHoriz='center', anchorVert='center', antialias=True, autoDraw=False, autoLog=True, bold=False, color=array([1, 1, 1]), colorSpace='rgb', contrast=1.0, depth=0.0, flipHoriz=False, flipVert=False, font='Open Sans', fontFiles=[], height=0.05, italic=False, languageStyle='LTR', name='PracticeText', opacity=1.0, ori=0.0, pos=array([0., 0.]), rgb=UNKNOWN, text=str(...), units='height', win=Window(...), wrapWidth=1)
24.6452 	EXP 	Created FixationCrossPolygon = ShapeStim(__class__=<class 'psychopy.visual.shape.ShapeStim'>, anchor=('center', 'center'), autoDraw=False, autoLog=True, closeShape=True, color=method-wrapper(...), colorSpace='rgb', contrast=None, depth=0.0, fillColor=array([1, 1, 1]), fillColorSpace='rgb', fillRGB=array([1, 1, 1]), interpolate=True, lineColor=array([1, 1, 1]), lineColorSpace='rgb', lineRGB=array([1, 1, 1]), lineWidth=1.0, name='FixationCrossPolygon', opacity=1.0, ori=0.0, pos=array([0., 0.]), size=array([0.05, 0.05]), units='height', vertices=ndarray(...), win=Window(...), windingRule=None)
24.6466 	EXP 	Created LAmtText = TextStim(__class__=<class 'psychopy.visual.text.TextStim'>, alignHoriz=method-wrapper(...), alignText='center', alignVert=method-wrapper(...), anchorHoriz='center', anchorVert='center', antialias=True, autoDraw=False, autoLog=True, bold=False, color=array([1, 1, 1]), colorSpace='rgb', contrast=1.0, depth=-1.0, flipHoriz=False, flipVert=False, font='Open Sans', fontFiles=[], height=0.1, italic=False, languageStyle='LTR', name='LAmtText', opacity=1.0, ori=0.0, pos=array([-0.5 ,  0.15]), rgb=UNKNOWN, text='', units='height', win=Window(...), wrapWidth=1)
24.6472 	EXP 	Created LProbText = TextStim(__class__=<class 'psychopy.visual.text.TextStim'>, alignHoriz=method-wrapper(...), alignText='center', alignVert=method-wrapper(...), anchorHoriz='center', anchorVert='center', antialias=True, autoDraw=False, autoLog=True, bold=False, color=array([1, 1, 1]), colorSpace='rgb', contrast=1.0, depth=-2.0, flipHoriz=False, flipVert=False, font='Open Sans', fontFiles=[], height=0.1, italic=False, languageStyle='LTR', name='LProbText', opacity=1.0, ori=0.0, pos=array([-0.5 , -0.15]), rgb=UNKNOWN, text='', units='height', win=Window(...), wrapWidth=1)
24.6478 	EXP 	Created RAmtText = TextStim(__class__=<class 'psychopy.visual.text.TextStim'>, alignHoriz=method-wrapper(...), alignText='center', alignVert=method-wrapper(...), anchorHoriz='center', anchorVert='center', antialias=True, autoDraw=False, autoLog=True, bold=False, color=array([1, 1, 1]), colorSpace='rgb', contrast=1.0, depth=-3.0, flipHoriz=False, flipVert=False, font='Open Sans', fontFiles=[], height=0.1, italic=False, languageStyle='LTR', name='RAmtText', opacity=1.0, ori=0.0, pos=array([0.5 , 0.15]), rgb=UNKNOWN, text='', units='height', win=Window(...), wrapWidth=1)
24.6483 	EXP 	Created RProbText = TextStim(__class__=<class 'psychopy.visual.text.TextStim'>, alignHoriz=method-wrapper(...), alignText='center', alignVert=method-wrapper(...), anchorHoriz='center', anchorVert='center', antialias=True, autoDraw=False, autoLog=True, bold=False, color=array([1, 1, 1]), colorSpace='rgb', contrast=1.0, depth=-4.0, flipHoriz=False, flipVert=False, font='Open Sans', fontFiles=[], height=0.1, italic=False, languageStyle='LTR', name='RProbText', opacity=1.0, ori=0.0, pos=array([ 0.5 , -0.15]), rgb=UNKNOWN, text='', units='height', win=Window(...), wrapWidth=1)
24.6500 	EXP 	Created Divider = Rect(__class__=<class 'psychopy.visual.rect.Rect'>, anchor=('center', 'center'), autoDraw=False, autoLog=True, closeShape=True, color=method-wrapper(...), colorSpace='rgb', contrast=None, depth=-6.0, fillColor=array([0.0039, 0.0039, 0.0039]), fillColorSpace='rgb', fillRGB=array([0.0039, 0.0039, 0.0039]), interpolate=True, lineColor=array([0.0039, 0.0039, 0.0039]), lineColorSpace='rgb', lineRGB=array([0.0039, 0.0039, 0.0039]), lineWidth=1.0, name='Divider', opacity=1.0, ori=0.0, pos=array([0., 0.]), size=array([0.005, 0.75 ]), units='height', vertices=ndarray(...), win=Window(...))
24.6505 	EXP 	Created LAmtText_2 = TextStim(__class__=<class 'psychopy.visual.text.TextStim'>, alignHoriz=method-wrapper(...), alignText='center', alignVert=method-wrapper(...), anchorHoriz='center', anchorVert='center', antialias=True, autoDraw=False, autoLog=True, bold=False, color=array([1, 1, 1]), colorSpace='rgb', contrast=1.0, depth=-1.0, flipHoriz=False, flipVert=False, font='Open Sans', fontFiles=[], height=0.1, italic=False, languageStyle='LTR', name='LAmtText_2', opacity=1.0, ori=0.0, pos=array([-0.5 ,  0.15]), rgb=UNKNOWN, text='', units='height', win=Window(...), wrapWidth=1)
24.6511 	EXP 	Created LProbText_2 = TextStim(__class__=<class 'psychopy.visual.text.TextStim'>, alignHoriz=method-wrapper(...), alignText='center', alignVert=method-wrapper(...), anchorHoriz='center', anchorVert='center', antialias=True, autoDraw=False, autoLog=True, bold=False, color=array([1, 1, 1]), colorSpace='rgb', contrast=1.0, depth=-2.0, flipHoriz=False, flipVert=False, font='Open Sans', fontFiles=[], height=0.1, italic=False, languageStyle='LTR', name='LProbText_2', opacity=1.0, ori=0.0, pos=array([-0.5 , -0.15]), rgb=UNKNOWN, text='', units='height', win=Window(...), wrapWidth=1)
24.6516 	EXP 	Created RAmtText_2 = TextStim(__class__=<class 'psychopy.visual.text.TextStim'>, alignHoriz=method-wrapper(...), alignText='center', alignVert=method-wrapper(...), anchorHoriz='center', anchorVert='center', antialias=True, autoDraw=False, autoLog=True, bold=False, color=array([1, 1, 1]), colorSpace='rgb', contrast=1.0, depth=-3.0, flipHoriz=False, flipVert=False, font='Open Sans', fontFiles=[], height=0.1, italic=False, languageStyle='LTR', name='RAmtText_2', opacity=1.0, ori=0.0, pos=array([0.5 , 0.15]), rgb=UNKNOWN, text='', units='height', win=Window(...), wrapWidth=1)
24.6521 	EXP 	Created RProbText_2 = TextStim(__class__=<class 'psychopy.visual.text.TextStim'>, alignHoriz=method-wrapper(...), alignText='center', alignVert=method-wrapper(...), anchorHoriz='center', anchorVert='center', antialias=True, autoDraw=False, autoLog=True, bold=False, color=array([1, 1, 1]), colorSpace='rgb', contrast=1.0, depth=-4.0, flipHoriz=False, flipVert=False, font='Open Sans', fontFiles=[], height=0.1, italic=False, languageStyle='LTR', name='RProbText_2', opacity=1.0, ori=0.0, pos=array([ 0.5 , -0.15]), rgb=UNKNOWN, text='', units='height', win=Window(...), wrapWidth=1)
24.6532 	EXP 	Created FeedbackRectangle = Rect(__class__=<class 'psychopy.visual.rect.Rect'>, anchor=('center', 'center'), autoDraw=False, autoLog=True, closeShape=True, color=method-wrapper(...), colorSpace='rgb', contrast=None, depth=-5.0, fillColor=array([0, 0, 0]), fillColorSpace='rgb', fillRGB=array([0, 0, 0]), interpolate=True, lineColor=array([1, 1, 1]), lineColorSpace='rgb', lineRGB=array([1, 1, 1]), lineWidth=12.0, name='FeedbackRectangle', opacity=0.5, ori=0.0, pos=array([0., 0.]), size=array([0.5 , 0.75]), units='height', vertices=ndarray(...), win=Window(...))
24.6541 	EXP 	Created Divider_2 = Rect(__class__=<class 'psychopy.visual.rect.Rect'>, anchor=('center', 'center'), autoDraw=False, autoLog=True, closeShape=True, color=method-wrapper(...), colorSpace='rgb', contrast=None, depth=-6.0, fillColor=array([0.0039, 0.0039, 0.0039]), fillColorSpace='rgb', fillRGB=array([0.0039, 0.0039, 0.0039]), interpolate=True, lineColor=array([0.0039, 0.0039, 0.0039]), lineColorSpace='rgb', lineRGB=array([0.0039, 0.0039, 0.0039]), lineWidth=1.0, name='Divider_2', opacity=1.0, ori=0.0, pos=array([0., 0.]), size=array([0.005, 0.75 ]), units='height', vertices=ndarray(...), win=Window(...))
24.6546 	EXP 	Created ITIText = TextStim(__class__=<class 'psychopy.visual.text.TextStim'>, alignHoriz=method-wrapper(...), alignText='center', alignVert=method-wrapper(...), anchorHoriz='center', anchorVert='center', antialias=True, autoDraw=False, autoLog=True, bold=False, color=array([1, 1, 1]), colorSpace='rgb', contrast=1.0, depth=-1.0, flipHoriz=False, flipVert=False, font='Open Sans', fontFiles=[], height=0.1, italic=False, languageStyle='LTR', name='ITIText', opacity=1.0, ori=0.0, pos=array([0., 0.]), rgb=UNKNOWN, text='', units='height', win=Window(...), wrapWidth=1)
24.6699 	EXP 	Created ExperimentBeginText = TextStim(__class__=<class 'psychopy.visual.text.TextStim'>, alignHoriz=method-wrapper(...), alignText='center', alignVert=method-wrapper(...), anchorHoriz='center', anchorVert='center', antialias=True, autoDraw=False, autoLog=True, bold=False, color=array([1, 1, 1]), colorSpace='rgb', contrast=1.0, depth=0.0, flipHoriz=False, flipVert=False, font='Open Sans', fontFiles=[], height=0.05, italic=False, languageStyle='LTR', name='ExperimentBeginText', opacity=1.0, ori=0.0, pos=array([0., 0.]), rgb=UNKNOWN, text=str(...), units='height', win=Window(...), wrapWidth=1)
24.6741 	EXP 	Created StartBlockText = TextStim(__class__=<class 'psychopy.visual.text.TextStim'>, alignHoriz=method-wrapper(...), alignText='center', alignVert=method-wrapper(...), anchorHoriz='center', anchorVert='center', antialias=True, autoDraw=False, autoLog=True, bold=False, color=array([1, 1, 1]), colorSpace='rgb', contrast=1.0, depth=0.0, flipHoriz=False, flipVert=False, font='Open Sans', fontFiles=[], height=0.05, italic=False, languageStyle='LTR', name='StartBlockText', opacity=1.0, ori=0.0, pos=array([0., 0.]), rgb=UNKNOWN, text='Block starting.', units='height', win=Window(...), wrapWidth=1)
24.6754 	EXP 	Created FixationCrossPolygon = ShapeStim(__class__=<class 'psychopy.visual.shape.ShapeStim'>, anchor=('center', 'center'), autoDraw=False, autoLog=True, closeShape=True, color=method-wrapper(...), colorSpace='rgb', contrast=None, depth=0.0, fillColor=array([1, 1, 1]), fillColorSpace='rgb', fillRGB=array([1, 1, 1]), interpolate=True, lineColor=array([1, 1, 1]), lineColorSpace='rgb', lineRGB=array([1, 1, 1]), lineWidth=1.0, name='FixationCrossPolygon', opacity=1.0, ori=0.0, pos=array([0., 0.]), size=array([0.05, 0.05]), units='height', vertices=ndarray(...), win=Window(...), windingRule=None)
24.6760 	EXP 	Created LAmtText = TextStim(__class__=<class 'psychopy.visual.text.TextStim'>, alignHoriz=method-wrapper(...), alignText='center', alignVert=method-wrapper(...), anchorHoriz='center', anchorVert='center', antialias=True, autoDraw=False, autoLog=True, bold=False, color=array([1, 1, 1]), colorSpace='rgb', contrast=1.0, depth=-1.0, flipHoriz=False, flipVert=False, font='Open Sans', fontFiles=[], height=0.1, italic=False, languageStyle='LTR', name='LAmtText', opacity=1.0, ori=0.0, pos=array([-0.5 ,  0.15]), rgb=UNKNOWN, text='', units='height', win=Window(...), wrapWidth=1)
24.6765 	EXP 	Created LProbText = TextStim(__class__=<class 'psychopy.visual.text.TextStim'>, alignHoriz=method-wrapper(...), alignText='center', alignVert=method-wrapper(...), anchorHoriz='center', anchorVert='center', antialias=True, autoDraw=False, autoLog=True, bold=False, color=array([1, 1, 1]), colorSpace='rgb', contrast=1.0, depth=-2.0, flipHoriz=False, flipVert=False, font='Open Sans', fontFiles=[], height=0.1, italic=False, languageStyle='LTR', name='LProbText', opacity=1.0, ori=0.0, pos=array([-0.5 , -0.15]), rgb=UNKNOWN, text='', units='height', win=Window(...), wrapWidth=1)
24.6770 	EXP 	Created RAmtText = TextStim(__class__=<class 'psychopy.visual.text.TextStim'>, alignHoriz=method-wrapper(...), alignText='center', alignVert=method-wrapper(...), anchorHoriz='center', anchorVert='center', antialias=True, autoDraw=False, autoLog=True, bold=False, color=array([1, 1, 1]), colorSpace='rgb', contrast=1.0, depth=-3.0, flipHoriz=False, flipVert=False, font='Open Sans', fontFiles=[], height=0.1, italic=False, languageStyle='LTR', name='RAmtText', opacity=1.0, ori=0.0, pos=array([0.5 , 0.15]), rgb=UNKNOWN, text='', units='height', win=Window(...), wrapWidth=1)
24.6776 	EXP 	Created RProbText = TextStim(__class__=<class 'psychopy.visual.text.TextStim'>, alignHoriz=method-wrapper(...), alignText='center', alignVert=method-wrapper(...), anchorHoriz='center', anchorVert='center', antialias=True, autoDraw=False, autoLog=True, bold=False, color=array([1, 1, 1]), colorSpace='rgb', contrast=1.0, depth=-4.0, flipHoriz=False, flipVert=False, font='Open Sans', fontFiles=[], height=0.1, italic=False, languageStyle='LTR', name='RProbText', opacity=1.0, ori=0.0, pos=array([ 0.5 , -0.15]), rgb=UNKNOWN, text='', units='height', win=Window(...), wrapWidth=1)
24.6786 	EXP 	Created Divider = Rect(__class__=<class 'psychopy.visual.rect.Rect'>, anchor=('center', 'center'), autoDraw=False, autoLog=True, closeShape=True, color=method-wrapper(...), colorSpace='rgb', contrast=None, depth=-6.0, fillColor=array([0.0039, 0.0039, 0.0039]), fillColorSpace='rgb', fillRGB=array([0.0039, 0.0039, 0.0039]), interpolate=True, lineColor=array([0.0039, 0.0039, 0.0039]), lineColorSpace='rgb', lineRGB=array([0.0039, 0.0039, 0.0039]), lineWidth=1.0, name='Divider', opacity=1.0, ori=0.0, pos=array([0., 0.]), size=array([0.005, 0.75 ]), units='height', vertices=ndarray(...), win=Window(...))
24.6791 	EXP 	Created LAmtText_2 = TextStim(__class__=<class 'psychopy.visual.text.TextStim'>, alignHoriz=method-wrapper(...), alignText='center', alignVert=method-wrapper(...), anchorHoriz='center', anchorVert='center', antialias=True, autoDraw=False, autoLog=True, bold=False, color=array([1, 1, 1]), colorSpace='rgb', contrast=1.0, depth=-1.0, flipHoriz=False, flipVert=False, font='Open Sans', fontFiles=[], height=0.1, italic=False, languageStyle='LTR', name='LAmtText_2', opacity=1.0, ori=0.0, pos=array([-0.5 ,  0.15]), rgb=UNKNOWN, text='', units='height', win=Window(...), wrapWidth=1)
24.6797 	EXP 	Created LProbText_2 = TextStim(__class__=<class 'psychopy.visual.text.TextStim'>, alignHoriz=method-wrapper(...), alignText='center', alignVert=method-wrapper(...), anchorHoriz='center', anchorVert='center', antialias=True, autoDraw=False, autoLog=True, bold=False, color=array([1, 1, 1]), colorSpace='rgb', contrast=1.0, depth=-2.0, flipHoriz=False, flipVert=False, font='Open Sans', fontFiles=[], height=0.1, italic=False, languageStyle='LTR', name='LProbText_2', opacity=1.0, ori=0.0, pos=array([-0.5 , -0.15]), rgb=UNKNOWN, text='', units='height', win=Window(...), wrapWidth=1)
24.6802 	EXP 	Created RAmtText_2 = TextStim(__class__=<class 'psychopy.visual.text.TextStim'>, alignHoriz=method-wrapper(...), alignText='center', alignVert=method-wrapper(...), anchorHoriz='center', anchorVert='center', antialias=True, autoDraw=False, autoLog=True, bold=False, color=array([1, 1, 1]), colorSpace='rgb', contrast=1.0, depth=-3.0, flipHoriz=False, flipVert=False, font='Open Sans', fontFiles=[], height=0.1, italic=False, languageStyle='LTR', name='RAmtText_2', opacity=1.0, ori=0.0, pos=array([0.5 , 0.15]), rgb=UNKNOWN, text='', units='height', win=Window(...), wrapWidth=1)
24.6808 	EXP 	Created RProbText_2 = TextStim(__class__=<class 'psychopy.visual.text.TextStim'>, alignHoriz=method-wrapper(...), alignText='center', alignVert=method-wrapper(...), anchorHoriz='center', anchorVert='center', antialias=True, autoDraw=False, autoLog=True, bold=False, color=array([1, 1, 1]), colorSpace='rgb', contrast=1.0, depth=-4.0, flipHoriz=False, flipVert=False, font='Open Sans', fontFiles=[], height=0.1, italic=False, languageStyle='LTR', name='RProbText_2', opacity=1.0, ori=0.0, pos=array([ 0.5 , -0.15]), rgb=UNKNOWN, text='', units='height', win=Window(...), wrapWidth=1)
24.6818 	EXP 	Created FeedbackRectangle = Rect(__class__=<class 'psychopy.visual.rect.Rect'>, anchor=('center', 'center'), autoDraw=False, autoLog=True, closeShape=True, color=method-wrapper(...), colorSpace='rgb', contrast=None, depth=-5.0, fillColor=array([0, 0, 0]), fillColorSpace='rgb', fillRGB=array([0, 0, 0]), interpolate=True, lineColor=array([1, 1, 1]), lineColorSpace='rgb', lineRGB=array([1, 1, 1]), lineWidth=12.0, name='FeedbackRectangle', opacity=0.5, ori=0.0, pos=array([0., 0.]), size=array([0.5 , 0.75]), units='height', vertices=ndarray(...), win=Window(...))
24.6828 	EXP 	Created Divider_2 = Rect(__class__=<class 'psychopy.visual.rect.Rect'>, anchor=('center', 'center'), autoDraw=False, autoLog=True, closeShape=True, color=method-wrapper(...), colorSpace='rgb', contrast=None, depth=-6.0, fillColor=array([0.0039, 0.0039, 0.0039]), fillColorSpace='rgb', fillRGB=array([0.0039, 0.0039, 0.0039]), interpolate=True, lineColor=array([0.0039, 0.0039, 0.0039]), lineColorSpace='rgb', lineRGB=array([0.0039, 0.0039, 0.0039]), lineWidth=1.0, name='Divider_2', opacity=1.0, ori=0.0, pos=array([0., 0.]), size=array([0.005, 0.75 ]), units='height', vertices=ndarray(...), win=Window(...))
24.6833 	EXP 	Created ITIText = TextStim(__class__=<class 'psychopy.visual.text.TextStim'>, alignHoriz=method-wrapper(...), alignText='center', alignVert=method-wrapper(...), anchorHoriz='center', anchorVert='center', antialias=True, autoDraw=False, autoLog=True, bold=False, color=array([1, 1, 1]), colorSpace='rgb', contrast=1.0, depth=-1.0, flipHoriz=False, flipVert=False, font='Open Sans', fontFiles=[], height=0.1, italic=False, languageStyle='LTR', name='ITIText', opacity=1.0, ori=0.0, pos=array([0., 0.]), rgb=UNKNOWN, text='', units='height', win=Window(...), wrapWidth=1)
24.6838 	EXP 	Created EndBlockText = TextStim(__class__=<class 'psychopy.visual.text.TextStim'>, alignHoriz=method-wrapper(...), alignText='center', alignVert=method-wrapper(...), anchorHoriz='center', anchorVert='center', antialias=True, autoDraw=False, autoLog=True, bold=False, color=array([1, 1, 1]), colorSpace='rgb', contrast=1.0, depth=0.0, flipHoriz=False, flipVert=False, font='Open Sans', fontFiles=[], height=0.05, italic=False, languageStyle='LTR', name='EndBlockText', opacity=1.0, ori=0.0, pos=array([0., 0.]), rgb=UNKNOWN, text='', units='height', win=Window(...), wrapWidth=1)
24.6844 	EXP 	Created SeletedGamblesText = TextStim(__class__=<class 'psychopy.visual.text.TextStim'>, alignHoriz=method-wrapper(...), alignText='center', alignVert=method-wrapper(...), anchorHoriz='center', anchorVert='center', antialias=True, autoDraw=False, autoLog=True, bold=False, color=array([1, 1, 1]), colorSpace='rgb', contrast=1.0, depth=-1.0, flipHoriz=False, flipVert=False, font='Open Sans', fontFiles=[], height=0.05, italic=False, languageStyle='LTR', name='SeletedGamblesText', opacity=1.0, ori=0.0, pos=array([0., 0.]), rgb=UNKNOWN, text='', units='height', win=Window(...), wrapWidth=1)
24.6901 	EXP 	ConsentText: autoDraw = True
25.6826 	DATA 	Keypress: down
25.6948 	EXP 	ConsentText: autoDraw = False
25.6948 	EXP 	WelcomeText: autoDraw = True
26.5635 	DATA 	Keypress: down
26.5775 	EXP 	WelcomeText: autoDraw = False
26.5775 	EXP 	PracticeText: autoDraw = True
27.2158 	EXP 	Imported spreadsheet_practice.csv as conditions, 2 conditions, 9 params
27.2161 	EXP 	Created sequence: random, trialTypes=2, nReps=1, seed=4
27.2163 	EXP 	New trial (rep=0, index=0): OrderedDict([('TrialType', 'Practice'), ('Condition', 'gain'), ('Sanity', 0), ('LProb', 0.67), ('LAmt', 7.6), ('RProb', 0.41), ('RAmt', 11.4), ('TextColor', 'green'), ('FixCrossLoc', [0.5, 0])])
27.2179 	DATA 	Keypress: down
27.2271 	EXP 	PracticeText: autoDraw = False
27.2271 	EXP 	FixationCrossPolygon: autoDraw = True
28.2306 	EXP 	FixationCrossPolygon: autoDraw = False
28.2306 	EXP 	FixationCrossPolygon: autoDraw = False
28.2306 	EXP 	LAmtText: foreColor = <psychopy.colors.Color: green, alpha=1.0>
28.2306 	EXP 	LAmtText: height = 0.1
28.2306 	EXP 	LAmtText: height = 0.1
28.2306 	EXP 	LAmtText: height = 0.1
28.2306 	EXP 	LAmtText: text = 7.6
28.2306 	EXP 	LProbText: foreColor = <psychopy.colors.Color: green, alpha=1.0>
28.2306 	EXP 	LProbText: height = 0.1
28.2306 	EXP 	LProbText: height = 0.1
28.2306 	EXP 	LProbText: height = 0.1
28.2306 	EXP 	LProbText: text = '67%'
28.2306 	EXP 	RAmtText: foreColor = <psychopy.colors.Color: green, alpha=1.0>
28.2306 	EXP 	RAmtText: height = 0.1
28.2306 	EXP 	RAmtText: height = 0.1
28.2306 	EXP 	RAmtText: height = 0.1
28.2306 	EXP 	RAmtText: text = 11.4
28.2306 	EXP 	RProbText: foreColor = <psychopy.colors.Color: green, alpha=1.0>
28.2306 	EXP 	RProbText: height = 0.1
28.2306 	EXP 	RProbText: height = 0.1
28.2306 	EXP 	RProbText: height = 0.1
28.2306 	EXP 	RProbText: text = '41%'
28.2306 	EXP 	LAmtText: autoDraw = True
28.2306 	EXP 	LProbText: autoDraw = True
28.2306 	EXP 	RAmtText: autoDraw = True
28.2306 	EXP 	RProbText: autoDraw = True
28.2306 	EXP 	Divider: autoDraw = True
28.6197 	DATA 	Keypress: right
28.6268 	EXP 	LAmtText: autoDraw = False
28.6268 	EXP 	LProbText: autoDraw = False
28.6268 	EXP 	RAmtText: autoDraw = False
28.6268 	EXP 	RProbText: autoDraw = False
28.6268 	EXP 	Divider: autoDraw = False
28.6268 	EXP 	LAmtText_2: foreColor = <psychopy.colors.Color: green, alpha=1.0>
28.6268 	EXP 	LAmtText_2: height = 0.1
28.6268 	EXP 	LAmtText_2: height = 0.1
28.6268 	EXP 	LAmtText_2: height = 0.1
28.6268 	EXP 	LAmtText_2: text = 7.6
28.6268 	EXP 	LProbText_2: foreColor = <psychopy.colors.Color: green, alpha=1.0>
28.6268 	EXP 	LProbText_2: height = 0.1
28.6268 	EXP 	LProbText_2: height = 0.1
28.6268 	EXP 	LProbText_2: height = 0.1
28.6268 	EXP 	LProbText_2: text = '67%'
28.6268 	EXP 	RAmtText_2: foreColor = <psychopy.colors.Color: green, alpha=1.0>
28.6268 	EXP 	RAmtText_2: height = 0.1
28.6268 	EXP 	RAmtText_2: height = 0.1
28.6268 	EXP 	RAmtText_2: height = 0.1
28.6268 	EXP 	RAmtText_2: text = 11.4
28.6268 	EXP 	RProbText_2: foreColor = <psychopy.colors.Color: green, alpha=1.0>
28.6268 	EXP 	RProbText_2: height = 0.1
28.6268 	EXP 	RProbText_2: height = 0.1
28.6268 	EXP 	RProbText_2: height = 0.1
28.6268 	EXP 	RProbText_2: text = '41%'
28.6268 	EXP 	LAmtText_2: autoDraw = True
28.6268 	EXP 	LProbText_2: autoDraw = True
28.6268 	EXP 	RAmtText_2: autoDraw = True
28.6268 	EXP 	RProbText_2: autoDraw = True
28.6268 	EXP 	FeedbackRectangle: autoDraw = True
28.6268 	EXP 	Divider_2: autoDraw = True
29.6262 	EXP 	LAmtText_2: autoDraw = False
29.6262 	EXP 	LProbText_2: autoDraw = False
29.6262 	EXP 	RAmtText_2: autoDraw = False
29.6262 	EXP 	RProbText_2: autoDraw = False
29.6262 	EXP 	FeedbackRectangle: autoDraw = False
29.6262 	EXP 	Divider_2: autoDraw = False
29.6262 	EXP 	LAmtText_2: autoDraw = False
29.6262 	EXP 	LProbText_2: autoDraw = False
29.6262 	EXP 	RAmtText_2: autoDraw = False
29.6262 	EXP 	RProbText_2: autoDraw = False
29.6262 	EXP 	FeedbackRectangle: autoDraw = False
29.6262 	EXP 	Divider_2: autoDraw = False
29.6262 	EXP 	ITIText: height = 0.1
29.6262 	EXP 	ITIText: height = 0.1
29.6262 	EXP 	ITIText: height = 0.1
29.6262 	EXP 	ITIText: text = '   '
29.6262 	EXP 	ITIText: autoDraw = True
30.6100 	EXP 	New trial (rep=0, index=1): OrderedDict([('TrialType', 'Practice'), ('Condition', 'gain'), ('Sanity', 0), ('LProb', 0.64), ('LAmt', 6.1), ('RProb', 0.32), ('RAmt', 7.7), ('TextColor', 'green'), ('FixCrossLoc', [-0.5, 0])])
30.6256 	EXP 	ITIText: autoDraw = False
30.6256 	EXP 	ITIText: autoDraw = False
30.6256 	EXP 	FixationCrossPolygon: autoDraw = True
31.6256 	EXP 	FixationCrossPolygon: autoDraw = False
31.6256 	EXP 	FixationCrossPolygon: autoDraw = False
31.6256 	EXP 	LAmtText: foreColor = <psychopy.colors.Color: green, alpha=1.0>
31.6256 	EXP 	LAmtText: height = 0.1
31.6256 	EXP 	LAmtText: height = 0.1
31.6256 	EXP 	LAmtText: height = 0.1
31.6256 	EXP 	LAmtText: text = 6.1
31.6256 	EXP 	LProbText: foreColor = <psychopy.colors.Color: green, alpha=1.0>
31.6256 	EXP 	LProbText: height = 0.1
31.6256 	EXP 	LProbText: height = 0.1
31.6256 	EXP 	LProbText: height = 0.1
31.6256 	EXP 	LProbText: text = '64%'
31.6256 	EXP 	RAmtText: foreColor = <psychopy.colors.Color: green, alpha=1.0>
31.6256 	EXP 	RAmtText: height = 0.1
31.6256 	EXP 	RAmtText: height = 0.1
31.6256 	EXP 	RAmtText: height = 0.1
31.6256 	EXP 	RAmtText: text = 7.7
31.6256 	EXP 	RProbText: foreColor = <psychopy.colors.Color: green, alpha=1.0>
31.6256 	EXP 	RProbText: height = 0.1
31.6256 	EXP 	RProbText: height = 0.1
31.6256 	EXP 	RProbText: height = 0.1
31.6256 	EXP 	RProbText: text = '32%'
31.6256 	EXP 	LAmtText: autoDraw = True
31.6256 	EXP 	LProbText: autoDraw = True
31.6256 	EXP 	RAmtText: autoDraw = True
31.6256 	EXP 	RProbText: autoDraw = True
31.6256 	EXP 	Divider: autoDraw = True
32.1036 	DATA 	Keypress: left
32.1085 	EXP 	LAmtText: autoDraw = False
32.1085 	EXP 	LProbText: autoDraw = False
32.1085 	EXP 	RAmtText: autoDraw = False
32.1085 	EXP 	RProbText: autoDraw = False
32.1085 	EXP 	Divider: autoDraw = False
32.1085 	EXP 	LAmtText_2: foreColor = <psychopy.colors.Color: green, alpha=1.0>
32.1085 	EXP 	LAmtText_2: height = 0.1
32.1085 	EXP 	LAmtText_2: height = 0.1
32.1085 	EXP 	LAmtText_2: height = 0.1
32.1085 	EXP 	LAmtText_2: text = 6.1
32.1085 	EXP 	LProbText_2: foreColor = <psychopy.colors.Color: green, alpha=1.0>
32.1085 	EXP 	LProbText_2: height = 0.1
32.1085 	EXP 	LProbText_2: height = 0.1
32.1085 	EXP 	LProbText_2: height = 0.1
32.1085 	EXP 	LProbText_2: text = '64%'
32.1085 	EXP 	RAmtText_2: foreColor = <psychopy.colors.Color: green, alpha=1.0>
32.1085 	EXP 	RAmtText_2: height = 0.1
32.1085 	EXP 	RAmtText_2: height = 0.1
32.1085 	EXP 	RAmtText_2: height = 0.1
32.1085 	EXP 	RAmtText_2: text = 7.7
32.1085 	EXP 	RProbText_2: foreColor = <psychopy.colors.Color: green, alpha=1.0>
32.1085 	EXP 	RProbText_2: height = 0.1
32.1085 	EXP 	RProbText_2: height = 0.1
32.1085 	EXP 	RProbText_2: height = 0.1
32.1085 	EXP 	RProbText_2: text = '32%'
32.1085 	EXP 	LAmtText_2: autoDraw = True
32.1085 	EXP 	LProbText_2: autoDraw = True
32.1085 	EXP 	RAmtText_2: autoDraw = True
32.1085 	EXP 	RProbText_2: autoDraw = True
32.1085 	EXP 	FeedbackRectangle: autoDraw = True
32.1085 	EXP 	Divider_2: autoDraw = True
33.1076 	EXP 	LAmtText_2: autoDraw = False
33.1076 	EXP 	LProbText_2: autoDraw = False
33.1076 	EXP 	RAmtText_2: autoDraw = False
33.1076 	EXP 	RProbText_2: autoDraw = False
33.1076 	EXP 	FeedbackRectangle: autoDraw = False
33.1076 	EXP 	Divider_2: autoDraw = False
33.1076 	EXP 	LAmtText_2: autoDraw = False
33.1076 	EXP 	LProbText_2: autoDraw = False
33.1076 	EXP 	RAmtText_2: autoDraw = False
33.1076 	EXP 	RProbText_2: autoDraw = False
33.1076 	EXP 	FeedbackRectangle: autoDraw = False
33.1076 	EXP 	Divider_2: autoDraw = False
33.1076 	EXP 	ITIText: text = '   '
33.1076 	EXP 	ITIText: autoDraw = True
34.1075 	EXP 	ITIText: autoDraw = False
34.1075 	EXP 	ITIText: autoDraw = False
34.1075 	EXP 	ExperimentBeginText: autoDraw = True
34.7275 	EXP 	Imported blocks_gl.csv as conditions, 2 conditions, 2 params
34.7278 	EXP 	Created sequence: sequential, trialTypes=2, nReps=1, seed=None
34.7280 	EXP 	New trial (rep=0, index=0): OrderedDict([('spreadsheet', 'spreadsheet_gain.csv'), ('EndBlockTextVar', "Feel free to take a break. When ready, let the experimenter know and press 'Down Arrow' to continue with experiment.")])
34.7299 	DATA 	Keypress: down
34.7409 	EXP 	ExperimentBeginText: autoDraw = False
34.7409 	EXP 	StartBlockText: autoDraw = True
37.7441 	EXP 	Imported spreadsheet_gain.csv as conditions, 2 conditions, 9 params
37.7444 	EXP 	Created sequence: random, trialTypes=2, nReps=1, seed=4
37.7448 	EXP 	New trial (rep=0, index=0): OrderedDict([('TrialType', 'Trial'), ('Condition', 'gain'), ('Sanity', 0), ('LProb', 0.59), ('LAmt', 6.4), ('RProb', 0.46), ('RAmt', 11.5), ('TextColor', 'green'), ('FixCrossLoc', [0, 0])])
37.7556 	EXP 	StartBlockText: autoDraw = False
37.7556 	EXP 	FixationCrossPolygon: autoDraw = True
38.7554 	EXP 	FixationCrossPolygon: autoDraw = False
38.7554 	EXP 	LAmtText: foreColor = <psychopy.colors.Color: green, alpha=1.0>
38.7554 	EXP 	LAmtText: height = 0.1
38.7554 	EXP 	LAmtText: height = 0.1
38.7554 	EXP 	LAmtText: height = 0.1
38.7554 	EXP 	LAmtText: text = 6.4
38.7554 	EXP 	LProbText: foreColor = <psychopy.colors.Color: green, alpha=1.0>
38.7554 	EXP 	LProbText: height = 0.1
38.7554 	EXP 	LProbText: height = 0.1
38.7554 	EXP 	LProbText: height = 0.1
38.7554 	EXP 	LProbText: text = '59%'
38.7554 	EXP 	RAmtText: foreColor = <psychopy.colors.Color: green, alpha=1.0>
38.7554 	EXP 	RAmtText: height = 0.1
38.7554 	EXP 	RAmtText: height = 0.1
38.7554 	EXP 	RAmtText: height = 0.1
38.7554 	EXP 	RAmtText: text = 11.5
38.7554 	EXP 	RProbText: foreColor = <psychopy.colors.Color: green, alpha=1.0>
38.7554 	EXP 	RProbText: height = 0.1
38.7554 	EXP 	RProbText: height = 0.1
38.7554 	EXP 	RProbText: height = 0.1
38.7554 	EXP 	RProbText: text = '46%'
38.7554 	EXP 	LAmtText: autoDraw = True
38.7554 	EXP 	LProbText: autoDraw = True
38.7554 	EXP 	RAmtText: autoDraw = True
38.7554 	EXP 	RProbText: autoDraw = True
38.7554 	EXP 	Divider: autoDraw = True
40.1355 	DATA 	Keypress: right
40.1385 	EXP 	LAmtText: autoDraw = False
40.1385 	EXP 	LProbText: autoDraw = False
40.1385 	EXP 	RAmtText: autoDraw = False
40.1385 	EXP 	RProbText: autoDraw = False
40.1385 	EXP 	Divider: autoDraw = False
40.1385 	EXP 	LAmtText_2: foreColor = <psychopy.colors.Color: green, alpha=1.0>
40.1385 	EXP 	LAmtText_2: height = 0.1
40.1385 	EXP 	LAmtText_2: height = 0.1
40.1385 	EXP 	LAmtText_2: height = 0.1
40.1385 	EXP 	LAmtText_2: text = 6.4
40.1385 	EXP 	LProbText_2: foreColor = <psychopy.colors.Color: green, alpha=1.0>
40.1385 	EXP 	LProbText_2: height = 0.1
40.1385 	EXP 	LProbText_2: height = 0.1
40.1385 	EXP 	LProbText_2: height = 0.1
40.1385 	EXP 	LProbText_2: text = '59%'
40.1385 	EXP 	RAmtText_2: foreColor = <psychopy.colors.Color: green, alpha=1.0>
40.1385 	EXP 	RAmtText_2: height = 0.1
40.1385 	EXP 	RAmtText_2: height = 0.1
40.1385 	EXP 	RAmtText_2: height = 0.1
40.1385 	EXP 	RAmtText_2: text = 11.5
40.1385 	EXP 	RProbText_2: foreColor = <psychopy.colors.Color: green, alpha=1.0>
40.1385 	EXP 	RProbText_2: height = 0.1
40.1385 	EXP 	RProbText_2: height = 0.1
40.1385 	EXP 	RProbText_2: height = 0.1
40.1385 	EXP 	RProbText_2: text = '46%'
40.1385 	EXP 	LAmtText_2: autoDraw = True
40.1385 	EXP 	LProbText_2: autoDraw = True
40.1385 	EXP 	RAmtText_2: autoDraw = True
40.1385 	EXP 	RProbText_2: autoDraw = True
40.1385 	EXP 	FeedbackRectangle: autoDraw = True
40.1385 	EXP 	Divider_2: autoDraw = True
41.1378 	EXP 	LAmtText_2: autoDraw = False
41.1378 	EXP 	LProbText_2: autoDraw = False
41.1378 	EXP 	RAmtText_2: autoDraw = False
41.1378 	EXP 	RProbText_2: autoDraw = False
41.1378 	EXP 	FeedbackRectangle: autoDraw = False
41.1378 	EXP 	Divider_2: autoDraw = False
41.1378 	EXP 	LAmtText_2: autoDraw = False
41.1378 	EXP 	LProbText_2: autoDraw = False
41.1378 	EXP 	RAmtText_2: autoDraw = False
41.1378 	EXP 	RProbText_2: autoDraw = False
41.1378 	EXP 	FeedbackRectangle: autoDraw = False
41.1378 	EXP 	Divider_2: autoDraw = False
41.1378 	EXP 	ITIText: text = '   '
41.1378 	EXP 	ITIText: autoDraw = True
42.1214 	EXP 	New trial (rep=0, index=1): OrderedDict([('TrialType', 'Trial'), ('Condition', 'gain'), ('Sanity', 0), ('LProb', 0.5), ('LAmt', 10.9), ('RProb', 0.6), ('RAmt', 8.5), ('TextColor', 'green'), ('FixCrossLoc', [0, 0])])
42.1372 	EXP 	ITIText: autoDraw = False
42.1372 	EXP 	ITIText: autoDraw = False
42.1372 	EXP 	FixationCrossPolygon: autoDraw = True
43.1403 	EXP 	FixationCrossPolygon: autoDraw = False
43.1403 	EXP 	FixationCrossPolygon: autoDraw = False
43.1403 	EXP 	LAmtText: foreColor = <psychopy.colors.Color: green, alpha=1.0>
43.1403 	EXP 	LAmtText: height = 0.1
43.1403 	EXP 	LAmtText: height = 0.1
43.1403 	EXP 	LAmtText: height = 0.1
43.1403 	EXP 	LAmtText: text = 10.9
43.1403 	EXP 	LProbText: foreColor = <psychopy.colors.Color: green, alpha=1.0>
43.1403 	EXP 	LProbText: height = 0.1
43.1403 	EXP 	LProbText: height = 0.1
43.1403 	EXP 	LProbText: height = 0.1
43.1403 	EXP 	LProbText: text = '50%'
43.1403 	EXP 	RAmtText: foreColor = <psychopy.colors.Color: green, alpha=1.0>
43.1403 	EXP 	RAmtText: height = 0.1
43.1403 	EXP 	RAmtText: height = 0.1
43.1403 	EXP 	RAmtText: height = 0.1
43.1403 	EXP 	RAmtText: text = 8.5
43.1403 	EXP 	RProbText: foreColor = <psychopy.colors.Color: green, alpha=1.0>
43.1403 	EXP 	RProbText: height = 0.1
43.1403 	EXP 	RProbText: height = 0.1
43.1403 	EXP 	RProbText: height = 0.1
43.1403 	EXP 	RProbText: text = '60%'
43.1403 	EXP 	LAmtText: autoDraw = True
43.1403 	EXP 	LProbText: autoDraw = True
43.1403 	EXP 	RAmtText: autoDraw = True
43.1403 	EXP 	RProbText: autoDraw = True
43.1403 	EXP 	Divider: autoDraw = True
44.8493 	DATA 	Keypress: left
44.8528 	EXP 	LAmtText: autoDraw = False
44.8528 	EXP 	LProbText: autoDraw = False
44.8528 	EXP 	RAmtText: autoDraw = False
44.8528 	EXP 	RProbText: autoDraw = False
44.8528 	EXP 	Divider: autoDraw = False
44.8528 	EXP 	LAmtText_2: foreColor = <psychopy.colors.Color: green, alpha=1.0>
44.8528 	EXP 	LAmtText_2: height = 0.1
44.8528 	EXP 	LAmtText_2: height = 0.1
44.8528 	EXP 	LAmtText_2: height = 0.1
44.8528 	EXP 	LAmtText_2: text = 10.9
44.8528 	EXP 	LProbText_2: foreColor = <psychopy.colors.Color: green, alpha=1.0>
44.8528 	EXP 	LProbText_2: height = 0.1
44.8528 	EXP 	LProbText_2: height = 0.1
44.8528 	EXP 	LProbText_2: height = 0.1
44.8528 	EXP 	LProbText_2: text = '50%'
44.8528 	EXP 	RAmtText_2: foreColor = <psychopy.colors.Color: green, alpha=1.0>
44.8528 	EXP 	RAmtText_2: height = 0.1
44.8528 	EXP 	RAmtText_2: height = 0.1
44.8528 	EXP 	RAmtText_2: height = 0.1
44.8528 	EXP 	RAmtText_2: text = 8.5
44.8528 	EXP 	RProbText_2: foreColor = <psychopy.colors.Color: green, alpha=1.0>
44.8528 	EXP 	RProbText_2: height = 0.1
44.8528 	EXP 	RProbText_2: height = 0.1
44.8528 	EXP 	RProbText_2: height = 0.1
44.8528 	EXP 	RProbText_2: text = '60%'
44.8528 	EXP 	LAmtText_2: autoDraw = True
44.8528 	EXP 	LProbText_2: autoDraw = True
44.8528 	EXP 	RAmtText_2: autoDraw = True
44.8528 	EXP 	RProbText_2: autoDraw = True
44.8528 	EXP 	FeedbackRectangle: autoDraw = True
44.8528 	EXP 	Divider_2: autoDraw = True
45.8521 	EXP 	LAmtText_2: autoDraw = False
45.8521 	EXP 	LProbText_2: autoDraw = False
45.8521 	EXP 	RAmtText_2: autoDraw = False
45.8521 	EXP 	RProbText_2: autoDraw = False
45.8521 	EXP 	FeedbackRectangle: autoDraw = False
45.8521 	EXP 	Divider_2: autoDraw = False
45.8521 	EXP 	LAmtText_2: autoDraw = False
45.8521 	EXP 	LProbText_2: autoDraw = False
45.8521 	EXP 	RAmtText_2: autoDraw = False
45.8521 	EXP 	RProbText_2: autoDraw = False
45.8521 	EXP 	FeedbackRectangle: autoDraw = False
45.8521 	EXP 	Divider_2: autoDraw = False
45.8521 	EXP 	ITIText: text = '   '
45.8521 	EXP 	ITIText: autoDraw = True
46.8529 	EXP 	ITIText: autoDraw = False
46.8529 	EXP 	ITIText: autoDraw = False
46.8529 	EXP 	EndBlockText: height = 0.05
46.8529 	EXP 	EndBlockText: height = 0.05
46.8529 	EXP 	EndBlockText: height = 0.05
46.8529 	EXP 	EndBlockText: text = "Block end. \n\nFeel free to take a break. When ready, let the experimenter know and press 'Down Arrow' to continue with experiment."
46.8529 	EXP 	EndBlockText: autoDraw = True
47.5536 	DATA 	Keypress: escape
48.0721 	EXP 	window1: mouseVisible = True
