2.4762 	WARNING 	We strongly recommend you activate the PTB sound engine in PsychoPy prefs as the preferred audio engine. Its timing is vastly superior. Your prefs are currently set to use ['sounddevice', 'PTB', 'pyo', 'pygame'] (in that order).
6.9606 	EXP 	Created window1 = Window(allowGUI=True, allowStencil=False, autoLog=True, backendConf=UNKNOWN, bitsMode=UNKNOWN, blendMode='avg', bpc=(8, 8, 8), color=array([-1., -1., -1.]), colorSpace='rgb', depthBits=8, fullscr=<method-wrapper '__getattribute__' of attributeSetter object at 0x0000014FE5470040>, gamma=None, gammaErrorPolicy='raise', lms=UNKNOWN, monitor=<psychopy.monitors.calibTools.Monitor object at 0x0000014FEA566760>, multiSample=False, name='window1', numSamples=2, pos=(0, 0), screen=0, size=array([1920, 1080]), stencilBits=0, stereo=False, units='height', useFBO=True, useRetina=False, viewOri=0.0, viewPos=None, viewScale=None, waitBlanking=True, winType='pyglet')
6.9607 	EXP 	window1: mouseVisible = True
6.9607 	EXP 	window1: mouseVisible = False
6.9607 	EXP 	window1: Attempting to measure frame rate of screen (0) ...
6.9608 	EXP 	window1: recordFrameIntervals = False
7.1265 	EXP 	window1: recordFrameIntervals = True
7.3105 	EXP 	Screen (0) actual frame rate measured at 59.73Hz
7.3105 	EXP 	window1: recordFrameIntervals = False
9.7717 	EXP 	Created ConsentText = TextStim(__class__=<class 'psychopy.visual.text.TextStim'>, alignHoriz=method-wrapper(...), alignText='center', alignVert=method-wrapper(...), anchorHoriz='center', anchorVert='center', antialias=True, autoDraw=False, autoLog=True, bold=False, color=array([1, 1, 1]), colorSpace='rgb', contrast=1.0, depth=0.0, flipHoriz=False, flipVert=False, font='Open Sans', fontFiles=[], height=0.03, italic=False, languageStyle='LTR', name='ConsentText', opacity=1.0, ori=0.0, pos=array([0., 0.]), rgb=UNKNOWN, text=str(...), units='height', win=Window(...), wrapWidth=1)
9.7929 	EXP 	Created WelcomeText = TextStim(__class__=<class 'psychopy.visual.text.TextStim'>, alignHoriz=method-wrapper(...), alignText='center', alignVert=method-wrapper(...), anchorHoriz='center', anchorVert='center', antialias=True, autoDraw=False, autoLog=True, bold=False, color=array([1, 1, 1]), colorSpace='rgb', contrast=1.0, depth=0.0, flipHoriz=False, flipVert=False, font='Open Sans', fontFiles=[], height=0.05, italic=False, languageStyle='LTR', name='WelcomeText', opacity=1.0, ori=0.0, pos=array([0., 0.]), rgb=UNKNOWN, text=str(...), units='height', win=Window(...), wrapWidth=1)
9.8037 	EXP 	Created PracticeText = TextStim(__class__=<class 'psychopy.visual.text.TextStim'>, alignHoriz=method-wrapper(...), alignText='center', alignVert=method-wrapper(...), anchorHoriz='center', anchorVert='center', antialias=True, autoDraw=False, autoLog=True, bold=False, color=array([1, 1, 1]), colorSpace='rgb', contrast=1.0, depth=0.0, flipHoriz=False, flipVert=False, font='Open Sans', fontFiles=[], height=0.05, italic=False, languageStyle='LTR', name='PracticeText', opacity=1.0, ori=0.0, pos=array([0., 0.]), rgb=UNKNOWN, text=str(...), units='height', win=Window(...), wrapWidth=1)
9.8063 	EXP 	Created FixationCrossPolygon = ShapeStim(__class__=<class 'psychopy.visual.shape.ShapeStim'>, anchor=('center', 'center'), autoDraw=False, autoLog=True, closeShape=True, color=method-wrapper(...), colorSpace='rgb', contrast=None, depth=0.0, fillColor=array([1, 1, 1]), fillColorSpace='rgb', fillRGB=array([1, 1, 1]), interpolate=True, lineColor=array([1, 1, 1]), lineColorSpace='rgb', lineRGB=array([1, 1, 1]), lineWidth=1.0, name='FixationCrossPolygon', opacity=1.0, ori=0.0, pos=array([0., 0.]), size=array([0.05, 0.05]), units='height', vertices=ndarray(...), win=Window(...), windingRule=None)
9.8077 	EXP 	Created LAmtText = TextStim(__class__=<class 'psychopy.visual.text.TextStim'>, alignHoriz=method-wrapper(...), alignText='center', alignVert=method-wrapper(...), anchorHoriz='center', anchorVert='center', antialias=True, autoDraw=False, autoLog=True, bold=False, color=array([1, 1, 1]), colorSpace='rgb', contrast=1.0, depth=-1.0, flipHoriz=False, flipVert=False, font='Open Sans', fontFiles=[], height=0.1, italic=False, languageStyle='LTR', name='LAmtText', opacity=1.0, ori=0.0, pos=array([-0.5 ,  0.15]), rgb=UNKNOWN, text='', units='height', win=Window(...), wrapWidth=1)
9.8082 	EXP 	Created LProbText = TextStim(__class__=<class 'psychopy.visual.text.TextStim'>, alignHoriz=method-wrapper(...), alignText='center', alignVert=method-wrapper(...), anchorHoriz='center', anchorVert='center', antialias=True, autoDraw=False, autoLog=True, bold=False, color=array([1, 1, 1]), colorSpace='rgb', contrast=1.0, depth=-2.0, flipHoriz=False, flipVert=False, font='Open Sans', fontFiles=[], height=0.1, italic=False, languageStyle='LTR', name='LProbText', opacity=1.0, ori=0.0, pos=array([-0.5 , -0.15]), rgb=UNKNOWN, text='', units='height', win=Window(...), wrapWidth=1)
9.8088 	EXP 	Created RAmtText = TextStim(__class__=<class 'psychopy.visual.text.TextStim'>, alignHoriz=method-wrapper(...), alignText='center', alignVert=method-wrapper(...), anchorHoriz='center', anchorVert='center', antialias=True, autoDraw=False, autoLog=True, bold=False, color=array([1, 1, 1]), colorSpace='rgb', contrast=1.0, depth=-3.0, flipHoriz=False, flipVert=False, font='Open Sans', fontFiles=[], height=0.1, italic=False, languageStyle='LTR', name='RAmtText', opacity=1.0, ori=0.0, pos=array([0.5 , 0.15]), rgb=UNKNOWN, text='', units='height', win=Window(...), wrapWidth=1)
9.8093 	EXP 	Created RProbText = TextStim(__class__=<class 'psychopy.visual.text.TextStim'>, alignHoriz=method-wrapper(...), alignText='center', alignVert=method-wrapper(...), anchorHoriz='center', anchorVert='center', antialias=True, autoDraw=False, autoLog=True, bold=False, color=array([1, 1, 1]), colorSpace='rgb', contrast=1.0, depth=-4.0, flipHoriz=False, flipVert=False, font='Open Sans', fontFiles=[], height=0.1, italic=False, languageStyle='LTR', name='RProbText', opacity=1.0, ori=0.0, pos=array([ 0.5 , -0.15]), rgb=UNKNOWN, text='', units='height', win=Window(...), wrapWidth=1)
9.8108 	EXP 	Created Divider = Rect(__class__=<class 'psychopy.visual.rect.Rect'>, anchor=('center', 'center'), autoDraw=False, autoLog=True, closeShape=True, color=method-wrapper(...), colorSpace='rgb', contrast=None, depth=-6.0, fillColor=array([0.0039, 0.0039, 0.0039]), fillColorSpace='rgb', fillRGB=array([0.0039, 0.0039, 0.0039]), interpolate=True, lineColor=array([0.0039, 0.0039, 0.0039]), lineColorSpace='rgb', lineRGB=array([0.0039, 0.0039, 0.0039]), lineWidth=1.0, name='Divider', opacity=1.0, ori=0.0, pos=array([0., 0.]), size=array([0.01, 0.75]), units='height', vertices=ndarray(...), win=Window(...))
9.8113 	EXP 	Created LAmtText_2 = TextStim(__class__=<class 'psychopy.visual.text.TextStim'>, alignHoriz=method-wrapper(...), alignText='center', alignVert=method-wrapper(...), anchorHoriz='center', anchorVert='center', antialias=True, autoDraw=False, autoLog=True, bold=False, color=array([1, 1, 1]), colorSpace='rgb', contrast=1.0, depth=-1.0, flipHoriz=False, flipVert=False, font='Open Sans', fontFiles=[], height=0.1, italic=False, languageStyle='LTR', name='LAmtText_2', opacity=1.0, ori=0.0, pos=array([-0.5 ,  0.15]), rgb=UNKNOWN, text='', units='height', win=Window(...), wrapWidth=1)
9.8118 	EXP 	Created LProbText_2 = TextStim(__class__=<class 'psychopy.visual.text.TextStim'>, alignHoriz=method-wrapper(...), alignText='center', alignVert=method-wrapper(...), anchorHoriz='center', anchorVert='center', antialias=True, autoDraw=False, autoLog=True, bold=False, color=array([1, 1, 1]), colorSpace='rgb', contrast=1.0, depth=-2.0, flipHoriz=False, flipVert=False, font='Open Sans', fontFiles=[], height=0.1, italic=False, languageStyle='LTR', name='LProbText_2', opacity=1.0, ori=0.0, pos=array([-0.5 , -0.15]), rgb=UNKNOWN, text='', units='height', win=Window(...), wrapWidth=1)
9.8124 	EXP 	Created RAmtText_2 = TextStim(__class__=<class 'psychopy.visual.text.TextStim'>, alignHoriz=method-wrapper(...), alignText='center', alignVert=method-wrapper(...), anchorHoriz='center', anchorVert='center', antialias=True, autoDraw=False, autoLog=True, bold=False, color=array([1, 1, 1]), colorSpace='rgb', contrast=1.0, depth=-3.0, flipHoriz=False, flipVert=False, font='Open Sans', fontFiles=[], height=0.1, italic=False, languageStyle='LTR', name='RAmtText_2', opacity=1.0, ori=0.0, pos=array([0.5 , 0.15]), rgb=UNKNOWN, text='', units='height', win=Window(...), wrapWidth=1)
9.8129 	EXP 	Created RProbText_2 = TextStim(__class__=<class 'psychopy.visual.text.TextStim'>, alignHoriz=method-wrapper(...), alignText='center', alignVert=method-wrapper(...), anchorHoriz='center', anchorVert='center', antialias=True, autoDraw=False, autoLog=True, bold=False, color=array([1, 1, 1]), colorSpace='rgb', contrast=1.0, depth=-4.0, flipHoriz=False, flipVert=False, font='Open Sans', fontFiles=[], height=0.1, italic=False, languageStyle='LTR', name='RProbText_2', opacity=1.0, ori=0.0, pos=array([ 0.5 , -0.15]), rgb=UNKNOWN, text='', units='height', win=Window(...), wrapWidth=1)
9.8139 	EXP 	Created FeedbackRectangle = Rect(__class__=<class 'psychopy.visual.rect.Rect'>, anchor=('center', 'center'), autoDraw=False, autoLog=True, closeShape=True, color=method-wrapper(...), colorSpace='rgb', contrast=None, depth=-5.0, fillColor=array([0, 0, 0]), fillColorSpace='rgb', fillRGB=array([0, 0, 0]), interpolate=True, lineColor=array([1, 1, 1]), lineColorSpace='rgb', lineRGB=array([1, 1, 1]), lineWidth=12.0, name='FeedbackRectangle', opacity=0.5, ori=0.0, pos=array([0., 0.]), size=array([0.5 , 0.75]), units='height', vertices=ndarray(...), win=Window(...))
9.8144 	EXP 	Created ITIText = TextStim(__class__=<class 'psychopy.visual.text.TextStim'>, alignHoriz=method-wrapper(...), alignText='center', alignVert=method-wrapper(...), anchorHoriz='center', anchorVert='center', antialias=True, autoDraw=False, autoLog=True, bold=False, color=array([1, 1, 1]), colorSpace='rgb', contrast=1.0, depth=-1.0, flipHoriz=False, flipVert=False, font='Open Sans', fontFiles=[], height=0.1, italic=False, languageStyle='LTR', name='ITIText', opacity=1.0, ori=0.0, pos=array([0., 0.]), rgb=UNKNOWN, text='', units='height', win=Window(...), wrapWidth=1)
9.8290 	EXP 	Created ExperimentBeginText = TextStim(__class__=<class 'psychopy.visual.text.TextStim'>, alignHoriz=method-wrapper(...), alignText='center', alignVert=method-wrapper(...), anchorHoriz='center', anchorVert='center', antialias=True, autoDraw=False, autoLog=True, bold=False, color=array([1, 1, 1]), colorSpace='rgb', contrast=1.0, depth=0.0, flipHoriz=False, flipVert=False, font='Open Sans', fontFiles=[], height=0.05, italic=False, languageStyle='LTR', name='ExperimentBeginText', opacity=1.0, ori=0.0, pos=array([0., 0.]), rgb=UNKNOWN, text=str(...), units='height', win=Window(...), wrapWidth=1)
9.8332 	EXP 	Created StartBlockText = TextStim(__class__=<class 'psychopy.visual.text.TextStim'>, alignHoriz=method-wrapper(...), alignText='center', alignVert=method-wrapper(...), anchorHoriz='center', anchorVert='center', antialias=True, autoDraw=False, autoLog=True, bold=False, color=array([1, 1, 1]), colorSpace='rgb', contrast=1.0, depth=0.0, flipHoriz=False, flipVert=False, font='Open Sans', fontFiles=[], height=0.05, italic=False, languageStyle='LTR', name='StartBlockText', opacity=1.0, ori=0.0, pos=array([0., 0.]), rgb=UNKNOWN, text='Block starting.', units='height', win=Window(...), wrapWidth=1)
9.8345 	EXP 	Created FixationCrossPolygon = ShapeStim(__class__=<class 'psychopy.visual.shape.ShapeStim'>, anchor=('center', 'center'), autoDraw=False, autoLog=True, closeShape=True, color=method-wrapper(...), colorSpace='rgb', contrast=None, depth=0.0, fillColor=array([1, 1, 1]), fillColorSpace='rgb', fillRGB=array([1, 1, 1]), interpolate=True, lineColor=array([1, 1, 1]), lineColorSpace='rgb', lineRGB=array([1, 1, 1]), lineWidth=1.0, name='FixationCrossPolygon', opacity=1.0, ori=0.0, pos=array([0., 0.]), size=array([0.05, 0.05]), units='height', vertices=ndarray(...), win=Window(...), windingRule=None)
9.8351 	EXP 	Created LAmtText = TextStim(__class__=<class 'psychopy.visual.text.TextStim'>, alignHoriz=method-wrapper(...), alignText='center', alignVert=method-wrapper(...), anchorHoriz='center', anchorVert='center', antialias=True, autoDraw=False, autoLog=True, bold=False, color=array([1, 1, 1]), colorSpace='rgb', contrast=1.0, depth=-1.0, flipHoriz=False, flipVert=False, font='Open Sans', fontFiles=[], height=0.1, italic=False, languageStyle='LTR', name='LAmtText', opacity=1.0, ori=0.0, pos=array([-0.5 ,  0.15]), rgb=UNKNOWN, text='', units='height', win=Window(...), wrapWidth=1)
9.8356 	EXP 	Created LProbText = TextStim(__class__=<class 'psychopy.visual.text.TextStim'>, alignHoriz=method-wrapper(...), alignText='center', alignVert=method-wrapper(...), anchorHoriz='center', anchorVert='center', antialias=True, autoDraw=False, autoLog=True, bold=False, color=array([1, 1, 1]), colorSpace='rgb', contrast=1.0, depth=-2.0, flipHoriz=False, flipVert=False, font='Open Sans', fontFiles=[], height=0.1, italic=False, languageStyle='LTR', name='LProbText', opacity=1.0, ori=0.0, pos=array([-0.5 , -0.15]), rgb=UNKNOWN, text='', units='height', win=Window(...), wrapWidth=1)
9.8361 	EXP 	Created RAmtText = TextStim(__class__=<class 'psychopy.visual.text.TextStim'>, alignHoriz=method-wrapper(...), alignText='center', alignVert=method-wrapper(...), anchorHoriz='center', anchorVert='center', antialias=True, autoDraw=False, autoLog=True, bold=False, color=array([1, 1, 1]), colorSpace='rgb', contrast=1.0, depth=-3.0, flipHoriz=False, flipVert=False, font='Open Sans', fontFiles=[], height=0.1, italic=False, languageStyle='LTR', name='RAmtText', opacity=1.0, ori=0.0, pos=array([0.5 , 0.15]), rgb=UNKNOWN, text='', units='height', win=Window(...), wrapWidth=1)
9.8368 	EXP 	Created RProbText = TextStim(__class__=<class 'psychopy.visual.text.TextStim'>, alignHoriz=method-wrapper(...), alignText='center', alignVert=method-wrapper(...), anchorHoriz='center', anchorVert='center', antialias=True, autoDraw=False, autoLog=True, bold=False, color=array([1, 1, 1]), colorSpace='rgb', contrast=1.0, depth=-4.0, flipHoriz=False, flipVert=False, font='Open Sans', fontFiles=[], height=0.1, italic=False, languageStyle='LTR', name='RProbText', opacity=1.0, ori=0.0, pos=array([ 0.5 , -0.15]), rgb=UNKNOWN, text='', units='height', win=Window(...), wrapWidth=1)
9.8378 	EXP 	Created Divider = Rect(__class__=<class 'psychopy.visual.rect.Rect'>, anchor=('center', 'center'), autoDraw=False, autoLog=True, closeShape=True, color=method-wrapper(...), colorSpace='rgb', contrast=None, depth=-6.0, fillColor=array([0.0039, 0.0039, 0.0039]), fillColorSpace='rgb', fillRGB=array([0.0039, 0.0039, 0.0039]), interpolate=True, lineColor=array([0.0039, 0.0039, 0.0039]), lineColorSpace='rgb', lineRGB=array([0.0039, 0.0039, 0.0039]), lineWidth=1.0, name='Divider', opacity=1.0, ori=0.0, pos=array([0., 0.]), size=array([0.01, 0.75]), units='height', vertices=ndarray(...), win=Window(...))
9.8383 	EXP 	Created LAmtText_2 = TextStim(__class__=<class 'psychopy.visual.text.TextStim'>, alignHoriz=method-wrapper(...), alignText='center', alignVert=method-wrapper(...), anchorHoriz='center', anchorVert='center', antialias=True, autoDraw=False, autoLog=True, bold=False, color=array([1, 1, 1]), colorSpace='rgb', contrast=1.0, depth=-1.0, flipHoriz=False, flipVert=False, font='Open Sans', fontFiles=[], height=0.1, italic=False, languageStyle='LTR', name='LAmtText_2', opacity=1.0, ori=0.0, pos=array([-0.5 ,  0.15]), rgb=UNKNOWN, text='', units='height', win=Window(...), wrapWidth=1)
9.8389 	EXP 	Created LProbText_2 = TextStim(__class__=<class 'psychopy.visual.text.TextStim'>, alignHoriz=method-wrapper(...), alignText='center', alignVert=method-wrapper(...), anchorHoriz='center', anchorVert='center', antialias=True, autoDraw=False, autoLog=True, bold=False, color=array([1, 1, 1]), colorSpace='rgb', contrast=1.0, depth=-2.0, flipHoriz=False, flipVert=False, font='Open Sans', fontFiles=[], height=0.1, italic=False, languageStyle='LTR', name='LProbText_2', opacity=1.0, ori=0.0, pos=array([-0.5 , -0.15]), rgb=UNKNOWN, text='', units='height', win=Window(...), wrapWidth=1)
9.8394 	EXP 	Created RAmtText_2 = TextStim(__class__=<class 'psychopy.visual.text.TextStim'>, alignHoriz=method-wrapper(...), alignText='center', alignVert=method-wrapper(...), anchorHoriz='center', anchorVert='center', antialias=True, autoDraw=False, autoLog=True, bold=False, color=array([1, 1, 1]), colorSpace='rgb', contrast=1.0, depth=-3.0, flipHoriz=False, flipVert=False, font='Open Sans', fontFiles=[], height=0.1, italic=False, languageStyle='LTR', name='RAmtText_2', opacity=1.0, ori=0.0, pos=array([0.5 , 0.15]), rgb=UNKNOWN, text='', units='height', win=Window(...), wrapWidth=1)
9.8399 	EXP 	Created RProbText_2 = TextStim(__class__=<class 'psychopy.visual.text.TextStim'>, alignHoriz=method-wrapper(...), alignText='center', alignVert=method-wrapper(...), anchorHoriz='center', anchorVert='center', antialias=True, autoDraw=False, autoLog=True, bold=False, color=array([1, 1, 1]), colorSpace='rgb', contrast=1.0, depth=-4.0, flipHoriz=False, flipVert=False, font='Open Sans', fontFiles=[], height=0.1, italic=False, languageStyle='LTR', name='RProbText_2', opacity=1.0, ori=0.0, pos=array([ 0.5 , -0.15]), rgb=UNKNOWN, text='', units='height', win=Window(...), wrapWidth=1)
9.8410 	EXP 	Created FeedbackRectangle = Rect(__class__=<class 'psychopy.visual.rect.Rect'>, anchor=('center', 'center'), autoDraw=False, autoLog=True, closeShape=True, color=method-wrapper(...), colorSpace='rgb', contrast=None, depth=-5.0, fillColor=array([0, 0, 0]), fillColorSpace='rgb', fillRGB=array([0, 0, 0]), interpolate=True, lineColor=array([1, 1, 1]), lineColorSpace='rgb', lineRGB=array([1, 1, 1]), lineWidth=12.0, name='FeedbackRectangle', opacity=0.5, ori=0.0, pos=array([0., 0.]), size=array([0.5 , 0.75]), units='height', vertices=ndarray(...), win=Window(...))
9.8415 	EXP 	Created ITIText = TextStim(__class__=<class 'psychopy.visual.text.TextStim'>, alignHoriz=method-wrapper(...), alignText='center', alignVert=method-wrapper(...), anchorHoriz='center', anchorVert='center', antialias=True, autoDraw=False, autoLog=True, bold=False, color=array([1, 1, 1]), colorSpace='rgb', contrast=1.0, depth=-1.0, flipHoriz=False, flipVert=False, font='Open Sans', fontFiles=[], height=0.1, italic=False, languageStyle='LTR', name='ITIText', opacity=1.0, ori=0.0, pos=array([0., 0.]), rgb=UNKNOWN, text='', units='height', win=Window(...), wrapWidth=1)
9.8420 	EXP 	Created EndBlockText = TextStim(__class__=<class 'psychopy.visual.text.TextStim'>, alignHoriz=method-wrapper(...), alignText='center', alignVert=method-wrapper(...), anchorHoriz='center', anchorVert='center', antialias=True, autoDraw=False, autoLog=True, bold=False, color=array([1, 1, 1]), colorSpace='rgb', contrast=1.0, depth=0.0, flipHoriz=False, flipVert=False, font='Open Sans', fontFiles=[], height=0.05, italic=False, languageStyle='LTR', name='EndBlockText', opacity=1.0, ori=0.0, pos=array([0., 0.]), rgb=UNKNOWN, text='', units='height', win=Window(...), wrapWidth=1)
9.8425 	EXP 	Created SeletedGamblesText = TextStim(__class__=<class 'psychopy.visual.text.TextStim'>, alignHoriz=method-wrapper(...), alignText='center', alignVert=method-wrapper(...), anchorHoriz='center', anchorVert='center', antialias=True, autoDraw=False, autoLog=True, bold=False, color=array([1, 1, 1]), colorSpace='rgb', contrast=1.0, depth=-1.0, flipHoriz=False, flipVert=False, font='Open Sans', fontFiles=[], height=0.05, italic=False, languageStyle='LTR', name='SeletedGamblesText', opacity=1.0, ori=0.0, pos=array([0., 0.]), rgb=UNKNOWN, text='', units='height', win=Window(...), wrapWidth=1)
9.8483 	EXP 	ConsentText: autoDraw = True
10.2795 	DATA 	Keypress: down
10.2920 	EXP 	ConsentText: autoDraw = False
10.2920 	EXP 	WelcomeText: autoDraw = True
10.6276 	DATA 	Keypress: down
10.6418 	EXP 	WelcomeText: autoDraw = False
10.6418 	EXP 	PracticeText: autoDraw = True
10.8967 	EXP 	Imported spreadsheet_practice.csv as conditions, 2 conditions, 9 params
10.8970 	EXP 	Created sequence: random, trialTypes=2, nReps=1, seed=4
10.8973 	EXP 	New trial (rep=0, index=0): OrderedDict([('TrialType', 'Practice'), ('Condition', 'gain'), ('Sanity', 0), ('LProb', 0.67), ('LAmt', 7.6), ('RProb', 0.41), ('RAmt', 11.4), ('TextColor', 'green'), ('FixCrossLoc', [0, 0])])
10.8989 	DATA 	Keypress: down
10.9080 	EXP 	PracticeText: autoDraw = False
10.9080 	EXP 	FixationCrossPolygon: autoDraw = True
11.0923 	DATA 	Keypress: down
11.9142 	EXP 	FixationCrossPolygon: autoDraw = False
11.9142 	EXP 	FixationCrossPolygon: autoDraw = False
11.9142 	EXP 	LAmtText: foreColor = <psychopy.colors.Color: green, alpha=1.0>
11.9142 	EXP 	LAmtText: height = 0.1
11.9142 	EXP 	LAmtText: height = 0.1
11.9142 	EXP 	LAmtText: height = 0.1
11.9142 	EXP 	LAmtText: text = 7.6
11.9142 	EXP 	LProbText: foreColor = <psychopy.colors.Color: green, alpha=1.0>
11.9142 	EXP 	LProbText: height = 0.1
11.9142 	EXP 	LProbText: height = 0.1
11.9142 	EXP 	LProbText: height = 0.1
11.9142 	EXP 	LProbText: text = '67%'
11.9142 	EXP 	RAmtText: foreColor = <psychopy.colors.Color: green, alpha=1.0>
11.9142 	EXP 	RAmtText: height = 0.1
11.9142 	EXP 	RAmtText: height = 0.1
11.9142 	EXP 	RAmtText: height = 0.1
11.9142 	EXP 	RAmtText: text = 11.4
11.9142 	EXP 	RProbText: foreColor = <psychopy.colors.Color: green, alpha=1.0>
11.9142 	EXP 	RProbText: height = 0.1
11.9142 	EXP 	RProbText: height = 0.1
11.9142 	EXP 	RProbText: height = 0.1
11.9142 	EXP 	RProbText: text = '41%'
11.9142 	EXP 	LAmtText: autoDraw = True
11.9142 	EXP 	LProbText: autoDraw = True
11.9142 	EXP 	RAmtText: autoDraw = True
11.9142 	EXP 	RProbText: autoDraw = True
11.9142 	EXP 	Divider: autoDraw = True
12.6703 	DATA 	Keypress: left
12.6742 	EXP 	LAmtText: autoDraw = False
12.6742 	EXP 	LProbText: autoDraw = False
12.6742 	EXP 	RAmtText: autoDraw = False
12.6742 	EXP 	RProbText: autoDraw = False
12.6742 	EXP 	Divider: autoDraw = False
12.6742 	EXP 	LAmtText_2: foreColor = <psychopy.colors.Color: green, alpha=1.0>
12.6742 	EXP 	LAmtText_2: height = 0.1
12.6742 	EXP 	LAmtText_2: height = 0.1
12.6742 	EXP 	LAmtText_2: height = 0.1
12.6742 	EXP 	LAmtText_2: text = 7.6
12.6742 	EXP 	LProbText_2: foreColor = <psychopy.colors.Color: green, alpha=1.0>
12.6742 	EXP 	LProbText_2: height = 0.1
12.6742 	EXP 	LProbText_2: height = 0.1
12.6742 	EXP 	LProbText_2: height = 0.1
12.6742 	EXP 	LProbText_2: text = '67%'
12.6742 	EXP 	RAmtText_2: foreColor = <psychopy.colors.Color: green, alpha=1.0>
12.6742 	EXP 	RAmtText_2: height = 0.1
12.6742 	EXP 	RAmtText_2: height = 0.1
12.6742 	EXP 	RAmtText_2: height = 0.1
12.6742 	EXP 	RAmtText_2: text = 11.4
12.6742 	EXP 	RProbText_2: foreColor = <psychopy.colors.Color: green, alpha=1.0>
12.6742 	EXP 	RProbText_2: height = 0.1
12.6742 	EXP 	RProbText_2: height = 0.1
12.6742 	EXP 	RProbText_2: height = 0.1
12.6742 	EXP 	RProbText_2: text = '41%'
12.6742 	EXP 	LAmtText_2: autoDraw = True
12.6742 	EXP 	LProbText_2: autoDraw = True
12.6742 	EXP 	RAmtText_2: autoDraw = True
12.6742 	EXP 	RProbText_2: autoDraw = True
12.6742 	EXP 	FeedbackRectangle: autoDraw = True
13.6736 	EXP 	LAmtText_2: autoDraw = False
13.6736 	EXP 	LProbText_2: autoDraw = False
13.6736 	EXP 	RAmtText_2: autoDraw = False
13.6736 	EXP 	RProbText_2: autoDraw = False
13.6736 	EXP 	FeedbackRectangle: autoDraw = False
13.6736 	EXP 	LAmtText_2: autoDraw = False
13.6736 	EXP 	LProbText_2: autoDraw = False
13.6736 	EXP 	RAmtText_2: autoDraw = False
13.6736 	EXP 	RProbText_2: autoDraw = False
13.6736 	EXP 	FeedbackRectangle: autoDraw = False
13.6736 	EXP 	ITIText: height = 0.1
13.6736 	EXP 	ITIText: height = 0.1
13.6736 	EXP 	ITIText: height = 0.1
13.6736 	EXP 	ITIText: text = '   '
13.6736 	EXP 	ITIText: autoDraw = True
14.6572 	EXP 	New trial (rep=0, index=1): OrderedDict([('TrialType', 'Practice'), ('Condition', 'gain'), ('Sanity', 0), ('LProb', 0.64), ('LAmt', 6.1), ('RProb', 0.32), ('RAmt', 7.7), ('TextColor', 'green'), ('FixCrossLoc', [0, 0])])
14.6732 	EXP 	ITIText: autoDraw = False
14.6732 	EXP 	ITIText: autoDraw = False
14.6732 	EXP 	FixationCrossPolygon: autoDraw = True
15.6760 	EXP 	FixationCrossPolygon: autoDraw = False
15.6760 	EXP 	FixationCrossPolygon: autoDraw = False
15.6760 	EXP 	LAmtText: foreColor = <psychopy.colors.Color: green, alpha=1.0>
15.6760 	EXP 	LAmtText: height = 0.1
15.6760 	EXP 	LAmtText: height = 0.1
15.6760 	EXP 	LAmtText: height = 0.1
15.6760 	EXP 	LAmtText: text = 6.1
15.6760 	EXP 	LProbText: foreColor = <psychopy.colors.Color: green, alpha=1.0>
15.6760 	EXP 	LProbText: height = 0.1
15.6760 	EXP 	LProbText: height = 0.1
15.6760 	EXP 	LProbText: height = 0.1
15.6760 	EXP 	LProbText: text = '64%'
15.6760 	EXP 	RAmtText: foreColor = <psychopy.colors.Color: green, alpha=1.0>
15.6760 	EXP 	RAmtText: height = 0.1
15.6760 	EXP 	RAmtText: height = 0.1
15.6760 	EXP 	RAmtText: height = 0.1
15.6760 	EXP 	RAmtText: text = 7.7
15.6760 	EXP 	RProbText: foreColor = <psychopy.colors.Color: green, alpha=1.0>
15.6760 	EXP 	RProbText: height = 0.1
15.6760 	EXP 	RProbText: height = 0.1
15.6760 	EXP 	RProbText: height = 0.1
15.6760 	EXP 	RProbText: text = '32%'
15.6760 	EXP 	LAmtText: autoDraw = True
15.6760 	EXP 	LProbText: autoDraw = True
15.6760 	EXP 	RAmtText: autoDraw = True
15.6760 	EXP 	RProbText: autoDraw = True
15.6760 	EXP 	Divider: autoDraw = True
17.0496 	DATA 	Keypress: right
17.0554 	EXP 	LAmtText: autoDraw = False
17.0554 	EXP 	LProbText: autoDraw = False
17.0554 	EXP 	RAmtText: autoDraw = False
17.0554 	EXP 	RProbText: autoDraw = False
17.0554 	EXP 	Divider: autoDraw = False
17.0554 	EXP 	LAmtText_2: foreColor = <psychopy.colors.Color: green, alpha=1.0>
17.0554 	EXP 	LAmtText_2: height = 0.1
17.0554 	EXP 	LAmtText_2: height = 0.1
17.0554 	EXP 	LAmtText_2: height = 0.1
17.0554 	EXP 	LAmtText_2: text = 6.1
17.0554 	EXP 	LProbText_2: foreColor = <psychopy.colors.Color: green, alpha=1.0>
17.0554 	EXP 	LProbText_2: height = 0.1
17.0554 	EXP 	LProbText_2: height = 0.1
17.0554 	EXP 	LProbText_2: height = 0.1
17.0554 	EXP 	LProbText_2: text = '64%'
17.0554 	EXP 	RAmtText_2: foreColor = <psychopy.colors.Color: green, alpha=1.0>
17.0554 	EXP 	RAmtText_2: height = 0.1
17.0554 	EXP 	RAmtText_2: height = 0.1
17.0554 	EXP 	RAmtText_2: height = 0.1
17.0554 	EXP 	RAmtText_2: text = 7.7
17.0554 	EXP 	RProbText_2: foreColor = <psychopy.colors.Color: green, alpha=1.0>
17.0554 	EXP 	RProbText_2: height = 0.1
17.0554 	EXP 	RProbText_2: height = 0.1
17.0554 	EXP 	RProbText_2: height = 0.1
17.0554 	EXP 	RProbText_2: text = '32%'
17.0554 	EXP 	LAmtText_2: autoDraw = True
17.0554 	EXP 	LProbText_2: autoDraw = True
17.0554 	EXP 	RAmtText_2: autoDraw = True
17.0554 	EXP 	RProbText_2: autoDraw = True
17.0554 	EXP 	FeedbackRectangle: autoDraw = True
18.0546 	EXP 	LAmtText_2: autoDraw = False
18.0546 	EXP 	LProbText_2: autoDraw = False
18.0546 	EXP 	RAmtText_2: autoDraw = False
18.0546 	EXP 	RProbText_2: autoDraw = False
18.0546 	EXP 	FeedbackRectangle: autoDraw = False
18.0546 	EXP 	LAmtText_2: autoDraw = False
18.0546 	EXP 	LProbText_2: autoDraw = False
18.0546 	EXP 	RAmtText_2: autoDraw = False
18.0546 	EXP 	RProbText_2: autoDraw = False
18.0546 	EXP 	FeedbackRectangle: autoDraw = False
18.0546 	EXP 	ITIText: text = '   '
18.0546 	EXP 	ITIText: autoDraw = True
18.3898 	DATA 	Keypress: escape
19.1181 	EXP 	window1: mouseVisible = True
