2.5227 	WARNING 	We strongly recommend you activate the PTB sound engine in PsychoPy prefs as the preferred audio engine. Its timing is vastly superior. Your prefs are currently set to use ['sounddevice', 'PTB', 'pyo', 'pygame'] (in that order).
6.7185 	EXP 	Created window1 = Window(allowGUI=True, allowStencil=False, autoLog=True, backendConf=UNKNOWN, bitsMode=UNKNOWN, blendMode='avg', bpc=(8, 8, 8), color=array([-1., -1., -1.]), colorSpace='rgb', depthBits=8, fullscr=<method-wrapper '__getattribute__' of attributeSetter object at 0x00000246748A0070>, gamma=None, gammaErrorPolicy='raise', lms=UNKNOWN, monitor=<psychopy.monitors.calibTools.Monitor object at 0x0000024679AB3850>, multiSample=False, name='window1', numSamples=2, pos=(0, 0), screen=0, size=array([1920, 1080]), stencilBits=0, stereo=False, units='height', useFBO=True, useRetina=False, viewOri=0.0, viewPos=None, viewScale=None, waitBlanking=True, winType='pyglet')
6.7186 	EXP 	window1: mouseVisible = True
6.7187 	EXP 	window1: mouseVisible = False
6.7187 	EXP 	window1: Attempting to measure frame rate of screen (0) ...
6.7187 	EXP 	window1: recordFrameIntervals = False
6.8844 	EXP 	window1: recordFrameIntervals = True
7.0679 	EXP 	Screen (0) actual frame rate measured at 60.01Hz
7.0679 	EXP 	window1: recordFrameIntervals = False
9.5502 	EXP 	Created ConsentText = TextStim(__class__=<class 'psychopy.visual.text.TextStim'>, alignHoriz=method-wrapper(...), alignText='center', alignVert=method-wrapper(...), anchorHoriz='center', anchorVert='center', antialias=True, autoDraw=False, autoLog=True, bold=False, color=array([1, 1, 1]), colorSpace='rgb', contrast=1.0, depth=0.0, flipHoriz=False, flipVert=False, font='Open Sans', fontFiles=[], height=0.03, italic=False, languageStyle='LTR', name='ConsentText', opacity=1.0, ori=0.0, pos=array([0., 0.]), rgb=UNKNOWN, text=str(...), units='height', win=Window(...), wrapWidth=1)
9.5719 	EXP 	Created WelcomeText = TextStim(__class__=<class 'psychopy.visual.text.TextStim'>, alignHoriz=method-wrapper(...), alignText='center', alignVert=method-wrapper(...), anchorHoriz='center', anchorVert='center', antialias=True, autoDraw=False, autoLog=True, bold=False, color=array([1, 1, 1]), colorSpace='rgb', contrast=1.0, depth=0.0, flipHoriz=False, flipVert=False, font='Open Sans', fontFiles=[], height=0.05, italic=False, languageStyle='LTR', name='WelcomeText', opacity=1.0, ori=0.0, pos=array([0., 0.]), rgb=UNKNOWN, text=str(...), units='height', win=Window(...), wrapWidth=1)
9.5825 	EXP 	Created PracticeText = TextStim(__class__=<class 'psychopy.visual.text.TextStim'>, alignHoriz=method-wrapper(...), alignText='center', alignVert=method-wrapper(...), anchorHoriz='center', anchorVert='center', antialias=True, autoDraw=False, autoLog=True, bold=False, color=array([1, 1, 1]), colorSpace='rgb', contrast=1.0, depth=0.0, flipHoriz=False, flipVert=False, font='Open Sans', fontFiles=[], height=0.05, italic=False, languageStyle='LTR', name='PracticeText', opacity=1.0, ori=0.0, pos=array([0., 0.]), rgb=UNKNOWN, text=str(...), units='height', win=Window(...), wrapWidth=1)
9.5847 	EXP 	Created FixationCrossPolygon = ShapeStim(__class__=<class 'psychopy.visual.shape.ShapeStim'>, anchor=('center', 'center'), autoDraw=False, autoLog=True, closeShape=True, color=method-wrapper(...), colorSpace='rgb', contrast=None, depth=0.0, fillColor=array([1, 1, 1]), fillColorSpace='rgb', fillRGB=array([1, 1, 1]), interpolate=True, lineColor=array([1, 1, 1]), lineColorSpace='rgb', lineRGB=array([1, 1, 1]), lineWidth=1.0, name='FixationCrossPolygon', opacity=1.0, ori=0.0, pos=array([0., 0.]), size=array([0.05, 0.05]), units='height', vertices=ndarray(...), win=Window(...), windingRule=None)
9.5860 	EXP 	Created LAmtText = TextStim(__class__=<class 'psychopy.visual.text.TextStim'>, alignHoriz=method-wrapper(...), alignText='center', alignVert=method-wrapper(...), anchorHoriz='center', anchorVert='center', antialias=True, autoDraw=False, autoLog=True, bold=False, color=array([1, 1, 1]), colorSpace='rgb', contrast=1.0, depth=-1.0, flipHoriz=False, flipVert=False, font='Open Sans', fontFiles=[], height=0.1, italic=False, languageStyle='LTR', name='LAmtText', opacity=1.0, ori=0.0, pos=array([-0.5 ,  0.15]), rgb=UNKNOWN, text='', units='height', win=Window(...), wrapWidth=1)
9.5865 	EXP 	Created LProbText = TextStim(__class__=<class 'psychopy.visual.text.TextStim'>, alignHoriz=method-wrapper(...), alignText='center', alignVert=method-wrapper(...), anchorHoriz='center', anchorVert='center', antialias=True, autoDraw=False, autoLog=True, bold=False, color=array([1, 1, 1]), colorSpace='rgb', contrast=1.0, depth=-2.0, flipHoriz=False, flipVert=False, font='Open Sans', fontFiles=[], height=0.1, italic=False, languageStyle='LTR', name='LProbText', opacity=1.0, ori=0.0, pos=array([-0.5 , -0.15]), rgb=UNKNOWN, text='', units='height', win=Window(...), wrapWidth=1)
9.5870 	EXP 	Created RAmtText = TextStim(__class__=<class 'psychopy.visual.text.TextStim'>, alignHoriz=method-wrapper(...), alignText='center', alignVert=method-wrapper(...), anchorHoriz='center', anchorVert='center', antialias=True, autoDraw=False, autoLog=True, bold=False, color=array([1, 1, 1]), colorSpace='rgb', contrast=1.0, depth=-3.0, flipHoriz=False, flipVert=False, font='Open Sans', fontFiles=[], height=0.1, italic=False, languageStyle='LTR', name='RAmtText', opacity=1.0, ori=0.0, pos=array([0.5 , 0.15]), rgb=UNKNOWN, text='', units='height', win=Window(...), wrapWidth=1)
9.5876 	EXP 	Created RProbText = TextStim(__class__=<class 'psychopy.visual.text.TextStim'>, alignHoriz=method-wrapper(...), alignText='center', alignVert=method-wrapper(...), anchorHoriz='center', anchorVert='center', antialias=True, autoDraw=False, autoLog=True, bold=False, color=array([1, 1, 1]), colorSpace='rgb', contrast=1.0, depth=-4.0, flipHoriz=False, flipVert=False, font='Open Sans', fontFiles=[], height=0.1, italic=False, languageStyle='LTR', name='RProbText', opacity=1.0, ori=0.0, pos=array([ 0.5 , -0.15]), rgb=UNKNOWN, text='', units='height', win=Window(...), wrapWidth=1)
9.5890 	EXP 	Created Divider = Rect(__class__=<class 'psychopy.visual.rect.Rect'>, anchor=('center', 'center'), autoDraw=False, autoLog=True, closeShape=True, color=method-wrapper(...), colorSpace='rgb', contrast=None, depth=-6.0, fillColor=array([0.0039, 0.0039, 0.0039]), fillColorSpace='rgb', fillRGB=array([0.0039, 0.0039, 0.0039]), interpolate=True, lineColor=array([0.0039, 0.0039, 0.0039]), lineColorSpace='rgb', lineRGB=array([0.0039, 0.0039, 0.0039]), lineWidth=1.0, name='Divider', opacity=1.0, ori=0.0, pos=array([0., 0.]), size=array([0.005, 0.75 ]), units='height', vertices=ndarray(...), win=Window(...))
9.5896 	EXP 	Created LAmtText_2 = TextStim(__class__=<class 'psychopy.visual.text.TextStim'>, alignHoriz=method-wrapper(...), alignText='center', alignVert=method-wrapper(...), anchorHoriz='center', anchorVert='center', antialias=True, autoDraw=False, autoLog=True, bold=False, color=array([1, 1, 1]), colorSpace='rgb', contrast=1.0, depth=-1.0, flipHoriz=False, flipVert=False, font='Open Sans', fontFiles=[], height=0.1, italic=False, languageStyle='LTR', name='LAmtText_2', opacity=1.0, ori=0.0, pos=array([-0.5 ,  0.15]), rgb=UNKNOWN, text='', units='height', win=Window(...), wrapWidth=1)
9.5901 	EXP 	Created LProbText_2 = TextStim(__class__=<class 'psychopy.visual.text.TextStim'>, alignHoriz=method-wrapper(...), alignText='center', alignVert=method-wrapper(...), anchorHoriz='center', anchorVert='center', antialias=True, autoDraw=False, autoLog=True, bold=False, color=array([1, 1, 1]), colorSpace='rgb', contrast=1.0, depth=-2.0, flipHoriz=False, flipVert=False, font='Open Sans', fontFiles=[], height=0.1, italic=False, languageStyle='LTR', name='LProbText_2', opacity=1.0, ori=0.0, pos=array([-0.5 , -0.15]), rgb=UNKNOWN, text='', units='height', win=Window(...), wrapWidth=1)
9.5906 	EXP 	Created RAmtText_2 = TextStim(__class__=<class 'psychopy.visual.text.TextStim'>, alignHoriz=method-wrapper(...), alignText='center', alignVert=method-wrapper(...), anchorHoriz='center', anchorVert='center', antialias=True, autoDraw=False, autoLog=True, bold=False, color=array([1, 1, 1]), colorSpace='rgb', contrast=1.0, depth=-3.0, flipHoriz=False, flipVert=False, font='Open Sans', fontFiles=[], height=0.1, italic=False, languageStyle='LTR', name='RAmtText_2', opacity=1.0, ori=0.0, pos=array([0.5 , 0.15]), rgb=UNKNOWN, text='', units='height', win=Window(...), wrapWidth=1)
9.5911 	EXP 	Created RProbText_2 = TextStim(__class__=<class 'psychopy.visual.text.TextStim'>, alignHoriz=method-wrapper(...), alignText='center', alignVert=method-wrapper(...), anchorHoriz='center', anchorVert='center', antialias=True, autoDraw=False, autoLog=True, bold=False, color=array([1, 1, 1]), colorSpace='rgb', contrast=1.0, depth=-4.0, flipHoriz=False, flipVert=False, font='Open Sans', fontFiles=[], height=0.1, italic=False, languageStyle='LTR', name='RProbText_2', opacity=1.0, ori=0.0, pos=array([ 0.5 , -0.15]), rgb=UNKNOWN, text='', units='height', win=Window(...), wrapWidth=1)
9.5921 	EXP 	Created FeedbackRectangle = Rect(__class__=<class 'psychopy.visual.rect.Rect'>, anchor=('center', 'center'), autoDraw=False, autoLog=True, closeShape=True, color=method-wrapper(...), colorSpace='rgb', contrast=None, depth=-5.0, fillColor=array([0, 0, 0]), fillColorSpace='rgb', fillRGB=array([0, 0, 0]), interpolate=True, lineColor=array([1, 1, 1]), lineColorSpace='rgb', lineRGB=array([1, 1, 1]), lineWidth=12.0, name='FeedbackRectangle', opacity=0.5, ori=0.0, pos=array([0., 0.]), size=array([0.5 , 0.75]), units='height', vertices=ndarray(...), win=Window(...))
9.5927 	EXP 	Created ITIText = TextStim(__class__=<class 'psychopy.visual.text.TextStim'>, alignHoriz=method-wrapper(...), alignText='center', alignVert=method-wrapper(...), anchorHoriz='center', anchorVert='center', antialias=True, autoDraw=False, autoLog=True, bold=False, color=array([1, 1, 1]), colorSpace='rgb', contrast=1.0, depth=-1.0, flipHoriz=False, flipVert=False, font='Open Sans', fontFiles=[], height=0.1, italic=False, languageStyle='LTR', name='ITIText', opacity=1.0, ori=0.0, pos=array([0., 0.]), rgb=UNKNOWN, text='', units='height', win=Window(...), wrapWidth=1)
9.6073 	EXP 	Created ExperimentBeginText = TextStim(__class__=<class 'psychopy.visual.text.TextStim'>, alignHoriz=method-wrapper(...), alignText='center', alignVert=method-wrapper(...), anchorHoriz='center', anchorVert='center', antialias=True, autoDraw=False, autoLog=True, bold=False, color=array([1, 1, 1]), colorSpace='rgb', contrast=1.0, depth=0.0, flipHoriz=False, flipVert=False, font='Open Sans', fontFiles=[], height=0.05, italic=False, languageStyle='LTR', name='ExperimentBeginText', opacity=1.0, ori=0.0, pos=array([0., 0.]), rgb=UNKNOWN, text=str(...), units='height', win=Window(...), wrapWidth=1)
9.6113 	EXP 	Created StartBlockText = TextStim(__class__=<class 'psychopy.visual.text.TextStim'>, alignHoriz=method-wrapper(...), alignText='center', alignVert=method-wrapper(...), anchorHoriz='center', anchorVert='center', antialias=True, autoDraw=False, autoLog=True, bold=False, color=array([1, 1, 1]), colorSpace='rgb', contrast=1.0, depth=0.0, flipHoriz=False, flipVert=False, font='Open Sans', fontFiles=[], height=0.05, italic=False, languageStyle='LTR', name='StartBlockText', opacity=1.0, ori=0.0, pos=array([0., 0.]), rgb=UNKNOWN, text='Block starting.', units='height', win=Window(...), wrapWidth=1)
9.6126 	EXP 	Created FixationCrossPolygon = ShapeStim(__class__=<class 'psychopy.visual.shape.ShapeStim'>, anchor=('center', 'center'), autoDraw=False, autoLog=True, closeShape=True, color=method-wrapper(...), colorSpace='rgb', contrast=None, depth=0.0, fillColor=array([1, 1, 1]), fillColorSpace='rgb', fillRGB=array([1, 1, 1]), interpolate=True, lineColor=array([1, 1, 1]), lineColorSpace='rgb', lineRGB=array([1, 1, 1]), lineWidth=1.0, name='FixationCrossPolygon', opacity=1.0, ori=0.0, pos=array([0., 0.]), size=array([0.05, 0.05]), units='height', vertices=ndarray(...), win=Window(...), windingRule=None)
9.6132 	EXP 	Created LAmtText = TextStim(__class__=<class 'psychopy.visual.text.TextStim'>, alignHoriz=method-wrapper(...), alignText='center', alignVert=method-wrapper(...), anchorHoriz='center', anchorVert='center', antialias=True, autoDraw=False, autoLog=True, bold=False, color=array([1, 1, 1]), colorSpace='rgb', contrast=1.0, depth=-1.0, flipHoriz=False, flipVert=False, font='Open Sans', fontFiles=[], height=0.1, italic=False, languageStyle='LTR', name='LAmtText', opacity=1.0, ori=0.0, pos=array([-0.5 ,  0.15]), rgb=UNKNOWN, text='', units='height', win=Window(...), wrapWidth=1)
9.6137 	EXP 	Created LProbText = TextStim(__class__=<class 'psychopy.visual.text.TextStim'>, alignHoriz=method-wrapper(...), alignText='center', alignVert=method-wrapper(...), anchorHoriz='center', anchorVert='center', antialias=True, autoDraw=False, autoLog=True, bold=False, color=array([1, 1, 1]), colorSpace='rgb', contrast=1.0, depth=-2.0, flipHoriz=False, flipVert=False, font='Open Sans', fontFiles=[], height=0.1, italic=False, languageStyle='LTR', name='LProbText', opacity=1.0, ori=0.0, pos=array([-0.5 , -0.15]), rgb=UNKNOWN, text='', units='height', win=Window(...), wrapWidth=1)
9.6142 	EXP 	Created RAmtText = TextStim(__class__=<class 'psychopy.visual.text.TextStim'>, alignHoriz=method-wrapper(...), alignText='center', alignVert=method-wrapper(...), anchorHoriz='center', anchorVert='center', antialias=True, autoDraw=False, autoLog=True, bold=False, color=array([1, 1, 1]), colorSpace='rgb', contrast=1.0, depth=-3.0, flipHoriz=False, flipVert=False, font='Open Sans', fontFiles=[], height=0.1, italic=False, languageStyle='LTR', name='RAmtText', opacity=1.0, ori=0.0, pos=array([0.5 , 0.15]), rgb=UNKNOWN, text='', units='height', win=Window(...), wrapWidth=1)
9.6148 	EXP 	Created RProbText = TextStim(__class__=<class 'psychopy.visual.text.TextStim'>, alignHoriz=method-wrapper(...), alignText='center', alignVert=method-wrapper(...), anchorHoriz='center', anchorVert='center', antialias=True, autoDraw=False, autoLog=True, bold=False, color=array([1, 1, 1]), colorSpace='rgb', contrast=1.0, depth=-4.0, flipHoriz=False, flipVert=False, font='Open Sans', fontFiles=[], height=0.1, italic=False, languageStyle='LTR', name='RProbText', opacity=1.0, ori=0.0, pos=array([ 0.5 , -0.15]), rgb=UNKNOWN, text='', units='height', win=Window(...), wrapWidth=1)
9.6158 	EXP 	Created Divider = Rect(__class__=<class 'psychopy.visual.rect.Rect'>, anchor=('center', 'center'), autoDraw=False, autoLog=True, closeShape=True, color=method-wrapper(...), colorSpace='rgb', contrast=None, depth=-6.0, fillColor=array([0.0039, 0.0039, 0.0039]), fillColorSpace='rgb', fillRGB=array([0.0039, 0.0039, 0.0039]), interpolate=True, lineColor=array([0.0039, 0.0039, 0.0039]), lineColorSpace='rgb', lineRGB=array([0.0039, 0.0039, 0.0039]), lineWidth=1.0, name='Divider', opacity=1.0, ori=0.0, pos=array([0., 0.]), size=array([0.005, 0.75 ]), units='height', vertices=ndarray(...), win=Window(...))
9.6164 	EXP 	Created LAmtText_2 = TextStim(__class__=<class 'psychopy.visual.text.TextStim'>, alignHoriz=method-wrapper(...), alignText='center', alignVert=method-wrapper(...), anchorHoriz='center', anchorVert='center', antialias=True, autoDraw=False, autoLog=True, bold=False, color=array([1, 1, 1]), colorSpace='rgb', contrast=1.0, depth=-1.0, flipHoriz=False, flipVert=False, font='Open Sans', fontFiles=[], height=0.1, italic=False, languageStyle='LTR', name='LAmtText_2', opacity=1.0, ori=0.0, pos=array([-0.5 ,  0.15]), rgb=UNKNOWN, text='', units='height', win=Window(...), wrapWidth=1)
9.6169 	EXP 	Created LProbText_2 = TextStim(__class__=<class 'psychopy.visual.text.TextStim'>, alignHoriz=method-wrapper(...), alignText='center', alignVert=method-wrapper(...), anchorHoriz='center', anchorVert='center', antialias=True, autoDraw=False, autoLog=True, bold=False, color=array([1, 1, 1]), colorSpace='rgb', contrast=1.0, depth=-2.0, flipHoriz=False, flipVert=False, font='Open Sans', fontFiles=[], height=0.1, italic=False, languageStyle='LTR', name='LProbText_2', opacity=1.0, ori=0.0, pos=array([-0.5 , -0.15]), rgb=UNKNOWN, text='', units='height', win=Window(...), wrapWidth=1)
9.6174 	EXP 	Created RAmtText_2 = TextStim(__class__=<class 'psychopy.visual.text.TextStim'>, alignHoriz=method-wrapper(...), alignText='center', alignVert=method-wrapper(...), anchorHoriz='center', anchorVert='center', antialias=True, autoDraw=False, autoLog=True, bold=False, color=array([1, 1, 1]), colorSpace='rgb', contrast=1.0, depth=-3.0, flipHoriz=False, flipVert=False, font='Open Sans', fontFiles=[], height=0.1, italic=False, languageStyle='LTR', name='RAmtText_2', opacity=1.0, ori=0.0, pos=array([0.5 , 0.15]), rgb=UNKNOWN, text='', units='height', win=Window(...), wrapWidth=1)
9.6180 	EXP 	Created RProbText_2 = TextStim(__class__=<class 'psychopy.visual.text.TextStim'>, alignHoriz=method-wrapper(...), alignText='center', alignVert=method-wrapper(...), anchorHoriz='center', anchorVert='center', antialias=True, autoDraw=False, autoLog=True, bold=False, color=array([1, 1, 1]), colorSpace='rgb', contrast=1.0, depth=-4.0, flipHoriz=False, flipVert=False, font='Open Sans', fontFiles=[], height=0.1, italic=False, languageStyle='LTR', name='RProbText_2', opacity=1.0, ori=0.0, pos=array([ 0.5 , -0.15]), rgb=UNKNOWN, text='', units='height', win=Window(...), wrapWidth=1)
9.6190 	EXP 	Created FeedbackRectangle = Rect(__class__=<class 'psychopy.visual.rect.Rect'>, anchor=('center', 'center'), autoDraw=False, autoLog=True, closeShape=True, color=method-wrapper(...), colorSpace='rgb', contrast=None, depth=-5.0, fillColor=array([0, 0, 0]), fillColorSpace='rgb', fillRGB=array([0, 0, 0]), interpolate=True, lineColor=array([1, 1, 1]), lineColorSpace='rgb', lineRGB=array([1, 1, 1]), lineWidth=12.0, name='FeedbackRectangle', opacity=0.5, ori=0.0, pos=array([0., 0.]), size=array([0.5 , 0.75]), units='height', vertices=ndarray(...), win=Window(...))
9.6195 	EXP 	Created ITIText = TextStim(__class__=<class 'psychopy.visual.text.TextStim'>, alignHoriz=method-wrapper(...), alignText='center', alignVert=method-wrapper(...), anchorHoriz='center', anchorVert='center', antialias=True, autoDraw=False, autoLog=True, bold=False, color=array([1, 1, 1]), colorSpace='rgb', contrast=1.0, depth=-1.0, flipHoriz=False, flipVert=False, font='Open Sans', fontFiles=[], height=0.1, italic=False, languageStyle='LTR', name='ITIText', opacity=1.0, ori=0.0, pos=array([0., 0.]), rgb=UNKNOWN, text='', units='height', win=Window(...), wrapWidth=1)
9.6200 	EXP 	Created EndBlockText = TextStim(__class__=<class 'psychopy.visual.text.TextStim'>, alignHoriz=method-wrapper(...), alignText='center', alignVert=method-wrapper(...), anchorHoriz='center', anchorVert='center', antialias=True, autoDraw=False, autoLog=True, bold=False, color=array([1, 1, 1]), colorSpace='rgb', contrast=1.0, depth=0.0, flipHoriz=False, flipVert=False, font='Open Sans', fontFiles=[], height=0.05, italic=False, languageStyle='LTR', name='EndBlockText', opacity=1.0, ori=0.0, pos=array([0., 0.]), rgb=UNKNOWN, text='', units='height', win=Window(...), wrapWidth=1)
9.6205 	EXP 	Created SeletedGamblesText = TextStim(__class__=<class 'psychopy.visual.text.TextStim'>, alignHoriz=method-wrapper(...), alignText='center', alignVert=method-wrapper(...), anchorHoriz='center', anchorVert='center', antialias=True, autoDraw=False, autoLog=True, bold=False, color=array([1, 1, 1]), colorSpace='rgb', contrast=1.0, depth=-1.0, flipHoriz=False, flipVert=False, font='Open Sans', fontFiles=[], height=0.05, italic=False, languageStyle='LTR', name='SeletedGamblesText', opacity=1.0, ori=0.0, pos=array([0., 0.]), rgb=UNKNOWN, text='', units='height', win=Window(...), wrapWidth=1)
9.6265 	EXP 	ConsentText: autoDraw = True
10.0699 	DATA 	Keypress: down
10.0829 	EXP 	ConsentText: autoDraw = False
10.0829 	EXP 	WelcomeText: autoDraw = True
10.2361 	DATA 	Keypress: down
10.2499 	EXP 	WelcomeText: autoDraw = False
10.2499 	EXP 	PracticeText: autoDraw = True
10.4246 	EXP 	Imported spreadsheet_practice.csv as conditions, 2 conditions, 9 params
10.4249 	EXP 	Created sequence: random, trialTypes=2, nReps=1, seed=4
10.4252 	EXP 	New trial (rep=0, index=0): OrderedDict([('TrialType', 'Practice'), ('Condition', 'gain'), ('Sanity', 0), ('LProb', 0.67), ('LAmt', 7.6), ('RProb', 0.41), ('RAmt', 11.4), ('TextColor', 'green'), ('FixCrossLoc', [0, 0])])
10.4277 	DATA 	Keypress: down
10.4327 	EXP 	PracticeText: autoDraw = False
10.4327 	EXP 	FixationCrossPolygon: autoDraw = True
10.5667 	DATA 	Keypress: down
11.4404 	EXP 	FixationCrossPolygon: autoDraw = False
11.4404 	EXP 	FixationCrossPolygon: autoDraw = False
11.4404 	EXP 	LAmtText: foreColor = <psychopy.colors.Color: green, alpha=1.0>
11.4404 	EXP 	LAmtText: height = 0.1
11.4404 	EXP 	LAmtText: height = 0.1
11.4404 	EXP 	LAmtText: height = 0.1
11.4404 	EXP 	LAmtText: text = 7.6
11.4404 	EXP 	LProbText: foreColor = <psychopy.colors.Color: green, alpha=1.0>
11.4404 	EXP 	LProbText: height = 0.1
11.4404 	EXP 	LProbText: height = 0.1
11.4404 	EXP 	LProbText: height = 0.1
11.4404 	EXP 	LProbText: text = '67%'
11.4404 	EXP 	RAmtText: foreColor = <psychopy.colors.Color: green, alpha=1.0>
11.4404 	EXP 	RAmtText: height = 0.1
11.4404 	EXP 	RAmtText: height = 0.1
11.4404 	EXP 	RAmtText: height = 0.1
11.4404 	EXP 	RAmtText: text = 11.4
11.4404 	EXP 	RProbText: foreColor = <psychopy.colors.Color: green, alpha=1.0>
11.4404 	EXP 	RProbText: height = 0.1
11.4404 	EXP 	RProbText: height = 0.1
11.4404 	EXP 	RProbText: height = 0.1
11.4404 	EXP 	RProbText: text = '41%'
11.4404 	EXP 	LAmtText: autoDraw = True
11.4404 	EXP 	LProbText: autoDraw = True
11.4404 	EXP 	RAmtText: autoDraw = True
11.4404 	EXP 	RProbText: autoDraw = True
11.4404 	EXP 	Divider: autoDraw = True
12.2407 	DATA 	Keypress: left
12.2489 	EXP 	LAmtText: autoDraw = False
12.2489 	EXP 	LProbText: autoDraw = False
12.2489 	EXP 	RAmtText: autoDraw = False
12.2489 	EXP 	RProbText: autoDraw = False
12.2489 	EXP 	Divider: autoDraw = False
12.2489 	EXP 	LAmtText_2: foreColor = <psychopy.colors.Color: green, alpha=1.0>
12.2489 	EXP 	LAmtText_2: height = 0.1
12.2489 	EXP 	LAmtText_2: height = 0.1
12.2489 	EXP 	LAmtText_2: height = 0.1
12.2489 	EXP 	LAmtText_2: text = 7.6
12.2489 	EXP 	LProbText_2: foreColor = <psychopy.colors.Color: green, alpha=1.0>
12.2489 	EXP 	LProbText_2: height = 0.1
12.2489 	EXP 	LProbText_2: height = 0.1
12.2489 	EXP 	LProbText_2: height = 0.1
12.2489 	EXP 	LProbText_2: text = '67%'
12.2489 	EXP 	RAmtText_2: foreColor = <psychopy.colors.Color: green, alpha=1.0>
12.2489 	EXP 	RAmtText_2: height = 0.1
12.2489 	EXP 	RAmtText_2: height = 0.1
12.2489 	EXP 	RAmtText_2: height = 0.1
12.2489 	EXP 	RAmtText_2: text = 11.4
12.2489 	EXP 	RProbText_2: foreColor = <psychopy.colors.Color: green, alpha=1.0>
12.2489 	EXP 	RProbText_2: height = 0.1
12.2489 	EXP 	RProbText_2: height = 0.1
12.2489 	EXP 	RProbText_2: height = 0.1
12.2489 	EXP 	RProbText_2: text = '41%'
12.2489 	EXP 	LAmtText_2: autoDraw = True
12.2489 	EXP 	LProbText_2: autoDraw = True
12.2489 	EXP 	RAmtText_2: autoDraw = True
12.2489 	EXP 	RProbText_2: autoDraw = True
12.2489 	EXP 	FeedbackRectangle: autoDraw = True
13.2480 	EXP 	LAmtText_2: autoDraw = False
13.2480 	EXP 	LProbText_2: autoDraw = False
13.2480 	EXP 	RAmtText_2: autoDraw = False
13.2480 	EXP 	RProbText_2: autoDraw = False
13.2480 	EXP 	FeedbackRectangle: autoDraw = False
13.2480 	EXP 	LAmtText_2: autoDraw = False
13.2480 	EXP 	LProbText_2: autoDraw = False
13.2480 	EXP 	RAmtText_2: autoDraw = False
13.2480 	EXP 	RProbText_2: autoDraw = False
13.2480 	EXP 	FeedbackRectangle: autoDraw = False
13.2480 	EXP 	ITIText: height = 0.1
13.2480 	EXP 	ITIText: height = 0.1
13.2480 	EXP 	ITIText: height = 0.1
13.2480 	EXP 	ITIText: text = '   '
13.2480 	EXP 	ITIText: autoDraw = True
14.2320 	EXP 	New trial (rep=0, index=1): OrderedDict([('TrialType', 'Practice'), ('Condition', 'gain'), ('Sanity', 0), ('LProb', 0.64), ('LAmt', 6.1), ('RProb', 0.32), ('RAmt', 7.7), ('TextColor', 'green'), ('FixCrossLoc', [0, 0])])
14.2479 	EXP 	ITIText: autoDraw = False
14.2479 	EXP 	ITIText: autoDraw = False
14.2479 	EXP 	FixationCrossPolygon: autoDraw = True
15.2471 	EXP 	FixationCrossPolygon: autoDraw = False
15.2471 	EXP 	FixationCrossPolygon: autoDraw = False
15.2471 	EXP 	LAmtText: foreColor = <psychopy.colors.Color: green, alpha=1.0>
15.2471 	EXP 	LAmtText: height = 0.1
15.2471 	EXP 	LAmtText: height = 0.1
15.2471 	EXP 	LAmtText: height = 0.1
15.2471 	EXP 	LAmtText: text = 6.1
15.2471 	EXP 	LProbText: foreColor = <psychopy.colors.Color: green, alpha=1.0>
15.2471 	EXP 	LProbText: height = 0.1
15.2471 	EXP 	LProbText: height = 0.1
15.2471 	EXP 	LProbText: height = 0.1
15.2471 	EXP 	LProbText: text = '64%'
15.2471 	EXP 	RAmtText: foreColor = <psychopy.colors.Color: green, alpha=1.0>
15.2471 	EXP 	RAmtText: height = 0.1
15.2471 	EXP 	RAmtText: height = 0.1
15.2471 	EXP 	RAmtText: height = 0.1
15.2471 	EXP 	RAmtText: text = 7.7
15.2471 	EXP 	RProbText: foreColor = <psychopy.colors.Color: green, alpha=1.0>
15.2471 	EXP 	RProbText: height = 0.1
15.2471 	EXP 	RProbText: height = 0.1
15.2471 	EXP 	RProbText: height = 0.1
15.2471 	EXP 	RProbText: text = '32%'
15.2471 	EXP 	LAmtText: autoDraw = True
15.2471 	EXP 	LProbText: autoDraw = True
15.2471 	EXP 	RAmtText: autoDraw = True
15.2471 	EXP 	RProbText: autoDraw = True
15.2471 	EXP 	Divider: autoDraw = True
16.9776 	DATA 	Keypress: right
16.9805 	EXP 	LAmtText: autoDraw = False
16.9805 	EXP 	LProbText: autoDraw = False
16.9805 	EXP 	RAmtText: autoDraw = False
16.9805 	EXP 	RProbText: autoDraw = False
16.9805 	EXP 	Divider: autoDraw = False
16.9805 	EXP 	LAmtText_2: foreColor = <psychopy.colors.Color: green, alpha=1.0>
16.9805 	EXP 	LAmtText_2: height = 0.1
16.9805 	EXP 	LAmtText_2: height = 0.1
16.9805 	EXP 	LAmtText_2: height = 0.1
16.9805 	EXP 	LAmtText_2: text = 6.1
16.9805 	EXP 	LProbText_2: foreColor = <psychopy.colors.Color: green, alpha=1.0>
16.9805 	EXP 	LProbText_2: height = 0.1
16.9805 	EXP 	LProbText_2: height = 0.1
16.9805 	EXP 	LProbText_2: height = 0.1
16.9805 	EXP 	LProbText_2: text = '64%'
16.9805 	EXP 	RAmtText_2: foreColor = <psychopy.colors.Color: green, alpha=1.0>
16.9805 	EXP 	RAmtText_2: height = 0.1
16.9805 	EXP 	RAmtText_2: height = 0.1
16.9805 	EXP 	RAmtText_2: height = 0.1
16.9805 	EXP 	RAmtText_2: text = 7.7
16.9805 	EXP 	RProbText_2: foreColor = <psychopy.colors.Color: green, alpha=1.0>
16.9805 	EXP 	RProbText_2: height = 0.1
16.9805 	EXP 	RProbText_2: height = 0.1
16.9805 	EXP 	RProbText_2: height = 0.1
16.9805 	EXP 	RProbText_2: text = '32%'
16.9805 	EXP 	LAmtText_2: autoDraw = True
16.9805 	EXP 	LProbText_2: autoDraw = True
16.9805 	EXP 	RAmtText_2: autoDraw = True
16.9805 	EXP 	RProbText_2: autoDraw = True
16.9805 	EXP 	FeedbackRectangle: autoDraw = True
17.9962 	EXP 	LAmtText_2: autoDraw = False
17.9962 	EXP 	LProbText_2: autoDraw = False
17.9962 	EXP 	RAmtText_2: autoDraw = False
17.9962 	EXP 	RProbText_2: autoDraw = False
17.9962 	EXP 	FeedbackRectangle: autoDraw = False
17.9962 	EXP 	LAmtText_2: autoDraw = False
17.9962 	EXP 	LProbText_2: autoDraw = False
17.9962 	EXP 	RAmtText_2: autoDraw = False
17.9962 	EXP 	RProbText_2: autoDraw = False
17.9962 	EXP 	FeedbackRectangle: autoDraw = False
17.9962 	EXP 	ITIText: text = '   '
17.9962 	EXP 	ITIText: autoDraw = True
18.9959 	EXP 	ITIText: autoDraw = False
18.9959 	EXP 	ITIText: autoDraw = False
18.9959 	EXP 	ExperimentBeginText: autoDraw = True
19.5672 	EXP 	Imported blocks_gl.csv as conditions, 2 conditions, 2 params
19.5676 	EXP 	Created sequence: sequential, trialTypes=2, nReps=1, seed=None
19.5679 	EXP 	New trial (rep=0, index=0): OrderedDict([('spreadsheet', 'spreadsheet_gain.csv'), ('EndBlockTextVar', "Feel free to take a break. When ready, let the experimenter know and press 'Down Arrow' to continue with experiment.")])
19.5702 	DATA 	Keypress: down
19.5789 	EXP 	ExperimentBeginText: autoDraw = False
19.5789 	EXP 	StartBlockText: autoDraw = True
22.5827 	EXP 	Imported spreadsheet_gain.csv as conditions, 2 conditions, 9 params
22.5831 	EXP 	Created sequence: random, trialTypes=2, nReps=1, seed=4
22.5835 	EXP 	New trial (rep=0, index=0): OrderedDict([('TrialType', 'Trial'), ('Condition', 'gain'), ('Sanity', 0), ('LProb', 0.59), ('LAmt', 6.4), ('RProb', 0.46), ('RAmt', 11.5), ('TextColor', 'green'), ('FixCrossLoc', [0, 0])])
22.5940 	EXP 	StartBlockText: autoDraw = False
22.5940 	EXP 	FixationCrossPolygon: autoDraw = True
23.5938 	EXP 	FixationCrossPolygon: autoDraw = False
23.5938 	EXP 	LAmtText: foreColor = <psychopy.colors.Color: green, alpha=1.0>
23.5938 	EXP 	LAmtText: height = 0.1
23.5938 	EXP 	LAmtText: height = 0.1
23.5938 	EXP 	LAmtText: height = 0.1
23.5938 	EXP 	LAmtText: text = 6.4
23.5938 	EXP 	LProbText: foreColor = <psychopy.colors.Color: green, alpha=1.0>
23.5938 	EXP 	LProbText: height = 0.1
23.5938 	EXP 	LProbText: height = 0.1
23.5938 	EXP 	LProbText: height = 0.1
23.5938 	EXP 	LProbText: text = '59%'
23.5938 	EXP 	RAmtText: foreColor = <psychopy.colors.Color: green, alpha=1.0>
23.5938 	EXP 	RAmtText: height = 0.1
23.5938 	EXP 	RAmtText: height = 0.1
23.5938 	EXP 	RAmtText: height = 0.1
23.5938 	EXP 	RAmtText: text = 11.5
23.5938 	EXP 	RProbText: foreColor = <psychopy.colors.Color: green, alpha=1.0>
23.5938 	EXP 	RProbText: height = 0.1
23.5938 	EXP 	RProbText: height = 0.1
23.5938 	EXP 	RProbText: height = 0.1
23.5938 	EXP 	RProbText: text = '46%'
23.5938 	EXP 	LAmtText: autoDraw = True
23.5938 	EXP 	LProbText: autoDraw = True
23.5938 	EXP 	RAmtText: autoDraw = True
23.5938 	EXP 	RProbText: autoDraw = True
23.5938 	EXP 	Divider: autoDraw = True
24.2744 	DATA 	Keypress: left
24.2774 	EXP 	LAmtText: autoDraw = False
24.2774 	EXP 	LProbText: autoDraw = False
24.2774 	EXP 	RAmtText: autoDraw = False
24.2774 	EXP 	RProbText: autoDraw = False
24.2774 	EXP 	Divider: autoDraw = False
24.2774 	EXP 	LAmtText_2: foreColor = <psychopy.colors.Color: green, alpha=1.0>
24.2774 	EXP 	LAmtText_2: height = 0.1
24.2774 	EXP 	LAmtText_2: height = 0.1
24.2774 	EXP 	LAmtText_2: height = 0.1
24.2774 	EXP 	LAmtText_2: text = 6.4
24.2774 	EXP 	LProbText_2: foreColor = <psychopy.colors.Color: green, alpha=1.0>
24.2774 	EXP 	LProbText_2: height = 0.1
24.2774 	EXP 	LProbText_2: height = 0.1
24.2774 	EXP 	LProbText_2: height = 0.1
24.2774 	EXP 	LProbText_2: text = '59%'
24.2774 	EXP 	RAmtText_2: foreColor = <psychopy.colors.Color: green, alpha=1.0>
24.2774 	EXP 	RAmtText_2: height = 0.1
24.2774 	EXP 	RAmtText_2: height = 0.1
24.2774 	EXP 	RAmtText_2: height = 0.1
24.2774 	EXP 	RAmtText_2: text = 11.5
24.2774 	EXP 	RProbText_2: foreColor = <psychopy.colors.Color: green, alpha=1.0>
24.2774 	EXP 	RProbText_2: height = 0.1
24.2774 	EXP 	RProbText_2: height = 0.1
24.2774 	EXP 	RProbText_2: height = 0.1
24.2774 	EXP 	RProbText_2: text = '46%'
24.2774 	EXP 	LAmtText_2: autoDraw = True
24.2774 	EXP 	LProbText_2: autoDraw = True
24.2774 	EXP 	RAmtText_2: autoDraw = True
24.2774 	EXP 	RProbText_2: autoDraw = True
24.2774 	EXP 	FeedbackRectangle: autoDraw = True
24.9286 	DATA 	Keypress: escape
25.4439 	EXP 	window1: mouseVisible = True
