22.2808 	WARNING 	We strongly recommend you activate the PTB sound engine in PsychoPy prefs as the preferred audio engine. Its timing is vastly superior. Your prefs are currently set to use ['sounddevice', 'PTB', 'pyo', 'pygame'] (in that order).
553.1455 	EXP 	Created window1 = Window(allowGUI=True, allowStencil=False, autoLog=True, backendConf=UNKNOWN, bitsMode=UNKNOWN, blendMode='avg', bpc=(8, 8, 8), color=array([-1., -1., -1.]), colorSpace='rgb', depthBits=8, fullscr=<method-wrapper '__getattribute__' of attributeSetter object at 0x0000029D2A520070>, gamma=None, gammaErrorPolicy='raise', lms=UNKNOWN, monitor=<psychopy.monitors.calibTools.Monitor object at 0x0000029D2F7B4850>, multiSample=False, name='window1', numSamples=2, pos=(0, 0), screen=0, size=array([1920, 1080]), stencilBits=0, stereo=False, units='height', useFBO=True, useRetina=False, viewOri=0.0, viewPos=None, viewScale=None, waitBlanking=True, winType='pyglet')
553.1456 	EXP 	window1: mouseVisible = True
553.1456 	EXP 	window1: mouseVisible = False
553.1456 	EXP 	window1: Attempting to measure frame rate of screen (0) ...
553.1457 	EXP 	window1: recordFrameIntervals = False
553.3115 	EXP 	window1: recordFrameIntervals = True
553.4947 	EXP 	Screen (0) actual frame rate measured at 60.14Hz
553.4948 	EXP 	window1: recordFrameIntervals = False
557.9738 	EXP 	Created ConsentText = TextStim(__class__=<class 'psychopy.visual.text.TextStim'>, alignHoriz=method-wrapper(...), alignText='center', alignVert=method-wrapper(...), anchorHoriz='center', anchorVert='center', antialias=True, autoDraw=False, autoLog=True, bold=False, color=array([1, 1, 1]), colorSpace='rgb', contrast=1.0, depth=0.0, flipHoriz=False, flipVert=False, font='Open Sans', fontFiles=[], height=0.03, italic=False, languageStyle='LTR', name='ConsentText', opacity=1.0, ori=0.0, pos=array([0., 0.]), rgb=UNKNOWN, text=str(...), units='height', win=Window(...), wrapWidth=1)
557.9958 	EXP 	Created WelcomeText = TextStim(__class__=<class 'psychopy.visual.text.TextStim'>, alignHoriz=method-wrapper(...), alignText='center', alignVert=method-wrapper(...), anchorHoriz='center', anchorVert='center', antialias=True, autoDraw=False, autoLog=True, bold=False, color=array([1, 1, 1]), colorSpace='rgb', contrast=1.0, depth=0.0, flipHoriz=False, flipVert=False, font='Open Sans', fontFiles=[], height=0.05, italic=False, languageStyle='LTR', name='WelcomeText', opacity=1.0, ori=0.0, pos=array([0., 0.]), rgb=UNKNOWN, text=str(...), units='height', win=Window(...), wrapWidth=1)
558.0064 	EXP 	Created PracticeText = TextStim(__class__=<class 'psychopy.visual.text.TextStim'>, alignHoriz=method-wrapper(...), alignText='center', alignVert=method-wrapper(...), anchorHoriz='center', anchorVert='center', antialias=True, autoDraw=False, autoLog=True, bold=False, color=array([1, 1, 1]), colorSpace='rgb', contrast=1.0, depth=0.0, flipHoriz=False, flipVert=False, font='Open Sans', fontFiles=[], height=0.05, italic=False, languageStyle='LTR', name='PracticeText', opacity=1.0, ori=0.0, pos=array([0., 0.]), rgb=UNKNOWN, text=str(...), units='height', win=Window(...), wrapWidth=1)
558.0302 	EXP 	Created FixationCrossPolygon = ShapeStim(__class__=<class 'psychopy.visual.shape.ShapeStim'>, anchor=('center', 'center'), autoDraw=False, autoLog=True, closeShape=True, color=method-wrapper(...), colorSpace='rgb', contrast=None, depth=0.0, fillColor=array([1, 1, 1]), fillColorSpace='rgb', fillRGB=array([1, 1, 1]), interpolate=True, lineColor=array([1, 1, 1]), lineColorSpace='rgb', lineRGB=array([1, 1, 1]), lineWidth=1.0, name='FixationCrossPolygon', opacity=1.0, ori=0.0, pos=array([0., 0.]), size=array([0.05, 0.05]), units='height', vertices=ndarray(...), win=Window(...), windingRule=None)
558.0317 	EXP 	Created LAmtText = TextStim(__class__=<class 'psychopy.visual.text.TextStim'>, alignHoriz=method-wrapper(...), alignText='center', alignVert=method-wrapper(...), anchorHoriz='center', anchorVert='center', antialias=True, autoDraw=False, autoLog=True, bold=False, color=array([1, 1, 1]), colorSpace='rgb', contrast=1.0, depth=-1.0, flipHoriz=False, flipVert=False, font='Open Sans', fontFiles=[], height=0.1, italic=False, languageStyle='LTR', name='LAmtText', opacity=1.0, ori=0.0, pos=array([-0.5 ,  0.15]), rgb=UNKNOWN, text='', units='height', win=Window(...), wrapWidth=1)
558.0323 	EXP 	Created LProbText = TextStim(__class__=<class 'psychopy.visual.text.TextStim'>, alignHoriz=method-wrapper(...), alignText='center', alignVert=method-wrapper(...), anchorHoriz='center', anchorVert='center', antialias=True, autoDraw=False, autoLog=True, bold=False, color=array([1, 1, 1]), colorSpace='rgb', contrast=1.0, depth=-2.0, flipHoriz=False, flipVert=False, font='Open Sans', fontFiles=[], height=0.1, italic=False, languageStyle='LTR', name='LProbText', opacity=1.0, ori=0.0, pos=array([-0.5 , -0.15]), rgb=UNKNOWN, text='', units='height', win=Window(...), wrapWidth=1)
558.0330 	EXP 	Created RAmtText = TextStim(__class__=<class 'psychopy.visual.text.TextStim'>, alignHoriz=method-wrapper(...), alignText='center', alignVert=method-wrapper(...), anchorHoriz='center', anchorVert='center', antialias=True, autoDraw=False, autoLog=True, bold=False, color=array([1, 1, 1]), colorSpace='rgb', contrast=1.0, depth=-3.0, flipHoriz=False, flipVert=False, font='Open Sans', fontFiles=[], height=0.1, italic=False, languageStyle='LTR', name='RAmtText', opacity=1.0, ori=0.0, pos=array([0.5 , 0.15]), rgb=UNKNOWN, text='', units='height', win=Window(...), wrapWidth=1)
558.0336 	EXP 	Created RProbText = TextStim(__class__=<class 'psychopy.visual.text.TextStim'>, alignHoriz=method-wrapper(...), alignText='center', alignVert=method-wrapper(...), anchorHoriz='center', anchorVert='center', antialias=True, autoDraw=False, autoLog=True, bold=False, color=array([1, 1, 1]), colorSpace='rgb', contrast=1.0, depth=-4.0, flipHoriz=False, flipVert=False, font='Open Sans', fontFiles=[], height=0.1, italic=False, languageStyle='LTR', name='RProbText', opacity=1.0, ori=0.0, pos=array([ 0.5 , -0.15]), rgb=UNKNOWN, text='', units='height', win=Window(...), wrapWidth=1)
558.0343 	EXP 	Created LAmtText_2 = TextStim(__class__=<class 'psychopy.visual.text.TextStim'>, alignHoriz=method-wrapper(...), alignText='center', alignVert=method-wrapper(...), anchorHoriz='center', anchorVert='center', antialias=True, autoDraw=False, autoLog=True, bold=False, color=array([1, 1, 1]), colorSpace='rgb', contrast=1.0, depth=-1.0, flipHoriz=False, flipVert=False, font='Open Sans', fontFiles=[], height=0.1, italic=False, languageStyle='LTR', name='LAmtText_2', opacity=1.0, ori=0.0, pos=array([-0.5 ,  0.15]), rgb=UNKNOWN, text='', units='height', win=Window(...), wrapWidth=1)
558.0349 	EXP 	Created LProbText_2 = TextStim(__class__=<class 'psychopy.visual.text.TextStim'>, alignHoriz=method-wrapper(...), alignText='center', alignVert=method-wrapper(...), anchorHoriz='center', anchorVert='center', antialias=True, autoDraw=False, autoLog=True, bold=False, color=array([1, 1, 1]), colorSpace='rgb', contrast=1.0, depth=-2.0, flipHoriz=False, flipVert=False, font='Open Sans', fontFiles=[], height=0.1, italic=False, languageStyle='LTR', name='LProbText_2', opacity=1.0, ori=0.0, pos=array([-0.5 , -0.15]), rgb=UNKNOWN, text='', units='height', win=Window(...), wrapWidth=1)
558.0355 	EXP 	Created RAmtText_2 = TextStim(__class__=<class 'psychopy.visual.text.TextStim'>, alignHoriz=method-wrapper(...), alignText='center', alignVert=method-wrapper(...), anchorHoriz='center', anchorVert='center', antialias=True, autoDraw=False, autoLog=True, bold=False, color=array([1, 1, 1]), colorSpace='rgb', contrast=1.0, depth=-3.0, flipHoriz=False, flipVert=False, font='Open Sans', fontFiles=[], height=0.1, italic=False, languageStyle='LTR', name='RAmtText_2', opacity=1.0, ori=0.0, pos=array([0.5 , 0.15]), rgb=UNKNOWN, text='', units='height', win=Window(...), wrapWidth=1)
558.0361 	EXP 	Created RProbText_2 = TextStim(__class__=<class 'psychopy.visual.text.TextStim'>, alignHoriz=method-wrapper(...), alignText='center', alignVert=method-wrapper(...), anchorHoriz='center', anchorVert='center', antialias=True, autoDraw=False, autoLog=True, bold=False, color=array([1, 1, 1]), colorSpace='rgb', contrast=1.0, depth=-4.0, flipHoriz=False, flipVert=False, font='Open Sans', fontFiles=[], height=0.1, italic=False, languageStyle='LTR', name='RProbText_2', opacity=1.0, ori=0.0, pos=array([ 0.5 , -0.15]), rgb=UNKNOWN, text='', units='height', win=Window(...), wrapWidth=1)
558.0452 	EXP 	Created FeedbackRectangle = Rect(__class__=<class 'psychopy.visual.rect.Rect'>, anchor=('center', 'center'), autoDraw=False, autoLog=True, closeShape=True, color=method-wrapper(...), colorSpace='rgb', contrast=None, depth=-5.0, fillColor=array([0, 0, 0]), fillColorSpace='rgb', fillRGB=array([0, 0, 0]), interpolate=True, lineColor=array([1, 1, 1]), lineColorSpace='rgb', lineRGB=array([1, 1, 1]), lineWidth=12.0, name='FeedbackRectangle', opacity=0.5, ori=0.0, pos=array([0., 0.]), size=array([0.5 , 0.75]), units='height', vertices=ndarray(...), win=Window(...))
558.0458 	EXP 	Created ITIText = TextStim(__class__=<class 'psychopy.visual.text.TextStim'>, alignHoriz=method-wrapper(...), alignText='center', alignVert=method-wrapper(...), anchorHoriz='center', anchorVert='center', antialias=True, autoDraw=False, autoLog=True, bold=False, color=array([1, 1, 1]), colorSpace='rgb', contrast=1.0, depth=-1.0, flipHoriz=False, flipVert=False, font='Open Sans', fontFiles=[], height=0.1, italic=False, languageStyle='LTR', name='ITIText', opacity=1.0, ori=0.0, pos=array([0., 0.]), rgb=UNKNOWN, text='', units='height', win=Window(...), wrapWidth=1)
558.0612 	EXP 	Created ExperimentBeginText = TextStim(__class__=<class 'psychopy.visual.text.TextStim'>, alignHoriz=method-wrapper(...), alignText='center', alignVert=method-wrapper(...), anchorHoriz='center', anchorVert='center', antialias=True, autoDraw=False, autoLog=True, bold=False, color=array([1, 1, 1]), colorSpace='rgb', contrast=1.0, depth=0.0, flipHoriz=False, flipVert=False, font='Open Sans', fontFiles=[], height=0.05, italic=False, languageStyle='LTR', name='ExperimentBeginText', opacity=1.0, ori=0.0, pos=array([0., 0.]), rgb=UNKNOWN, text=str(...), units='height', win=Window(...), wrapWidth=1)
558.0652 	EXP 	Created StartBlockText = TextStim(__class__=<class 'psychopy.visual.text.TextStim'>, alignHoriz=method-wrapper(...), alignText='center', alignVert=method-wrapper(...), anchorHoriz='center', anchorVert='center', antialias=True, autoDraw=False, autoLog=True, bold=False, color=array([1, 1, 1]), colorSpace='rgb', contrast=1.0, depth=0.0, flipHoriz=False, flipVert=False, font='Open Sans', fontFiles=[], height=0.05, italic=False, languageStyle='LTR', name='StartBlockText', opacity=1.0, ori=0.0, pos=array([0., 0.]), rgb=UNKNOWN, text='Block starting.', units='height', win=Window(...), wrapWidth=1)
558.0665 	EXP 	Created FixationCrossPolygon = ShapeStim(__class__=<class 'psychopy.visual.shape.ShapeStim'>, anchor=('center', 'center'), autoDraw=False, autoLog=True, closeShape=True, color=method-wrapper(...), colorSpace='rgb', contrast=None, depth=0.0, fillColor=array([1, 1, 1]), fillColorSpace='rgb', fillRGB=array([1, 1, 1]), interpolate=True, lineColor=array([1, 1, 1]), lineColorSpace='rgb', lineRGB=array([1, 1, 1]), lineWidth=1.0, name='FixationCrossPolygon', opacity=1.0, ori=0.0, pos=array([0., 0.]), size=array([0.05, 0.05]), units='height', vertices=ndarray(...), win=Window(...), windingRule=None)
558.0671 	EXP 	Created LAmtText = TextStim(__class__=<class 'psychopy.visual.text.TextStim'>, alignHoriz=method-wrapper(...), alignText='center', alignVert=method-wrapper(...), anchorHoriz='center', anchorVert='center', antialias=True, autoDraw=False, autoLog=True, bold=False, color=array([1, 1, 1]), colorSpace='rgb', contrast=1.0, depth=-1.0, flipHoriz=False, flipVert=False, font='Open Sans', fontFiles=[], height=0.1, italic=False, languageStyle='LTR', name='LAmtText', opacity=1.0, ori=0.0, pos=array([-0.5 ,  0.15]), rgb=UNKNOWN, text='', units='height', win=Window(...), wrapWidth=1)
558.0676 	EXP 	Created LProbText = TextStim(__class__=<class 'psychopy.visual.text.TextStim'>, alignHoriz=method-wrapper(...), alignText='center', alignVert=method-wrapper(...), anchorHoriz='center', anchorVert='center', antialias=True, autoDraw=False, autoLog=True, bold=False, color=array([1, 1, 1]), colorSpace='rgb', contrast=1.0, depth=-2.0, flipHoriz=False, flipVert=False, font='Open Sans', fontFiles=[], height=0.1, italic=False, languageStyle='LTR', name='LProbText', opacity=1.0, ori=0.0, pos=array([-0.5 , -0.15]), rgb=UNKNOWN, text='', units='height', win=Window(...), wrapWidth=1)
558.0682 	EXP 	Created RAmtText = TextStim(__class__=<class 'psychopy.visual.text.TextStim'>, alignHoriz=method-wrapper(...), alignText='center', alignVert=method-wrapper(...), anchorHoriz='center', anchorVert='center', antialias=True, autoDraw=False, autoLog=True, bold=False, color=array([1, 1, 1]), colorSpace='rgb', contrast=1.0, depth=-3.0, flipHoriz=False, flipVert=False, font='Open Sans', fontFiles=[], height=0.1, italic=False, languageStyle='LTR', name='RAmtText', opacity=1.0, ori=0.0, pos=array([0.5 , 0.15]), rgb=UNKNOWN, text='', units='height', win=Window(...), wrapWidth=1)
558.0687 	EXP 	Created RProbText = TextStim(__class__=<class 'psychopy.visual.text.TextStim'>, alignHoriz=method-wrapper(...), alignText='center', alignVert=method-wrapper(...), anchorHoriz='center', anchorVert='center', antialias=True, autoDraw=False, autoLog=True, bold=False, color=array([1, 1, 1]), colorSpace='rgb', contrast=1.0, depth=-4.0, flipHoriz=False, flipVert=False, font='Open Sans', fontFiles=[], height=0.1, italic=False, languageStyle='LTR', name='RProbText', opacity=1.0, ori=0.0, pos=array([ 0.5 , -0.15]), rgb=UNKNOWN, text='', units='height', win=Window(...), wrapWidth=1)
558.0692 	EXP 	Created LAmtText_2 = TextStim(__class__=<class 'psychopy.visual.text.TextStim'>, alignHoriz=method-wrapper(...), alignText='center', alignVert=method-wrapper(...), anchorHoriz='center', anchorVert='center', antialias=True, autoDraw=False, autoLog=True, bold=False, color=array([1, 1, 1]), colorSpace='rgb', contrast=1.0, depth=-1.0, flipHoriz=False, flipVert=False, font='Open Sans', fontFiles=[], height=0.1, italic=False, languageStyle='LTR', name='LAmtText_2', opacity=1.0, ori=0.0, pos=array([-0.5 ,  0.15]), rgb=UNKNOWN, text='', units='height', win=Window(...), wrapWidth=1)
558.0698 	EXP 	Created LProbText_2 = TextStim(__class__=<class 'psychopy.visual.text.TextStim'>, alignHoriz=method-wrapper(...), alignText='center', alignVert=method-wrapper(...), anchorHoriz='center', anchorVert='center', antialias=True, autoDraw=False, autoLog=True, bold=False, color=array([1, 1, 1]), colorSpace='rgb', contrast=1.0, depth=-2.0, flipHoriz=False, flipVert=False, font='Open Sans', fontFiles=[], height=0.1, italic=False, languageStyle='LTR', name='LProbText_2', opacity=1.0, ori=0.0, pos=array([-0.5 , -0.15]), rgb=UNKNOWN, text='', units='height', win=Window(...), wrapWidth=1)
558.0703 	EXP 	Created RAmtText_2 = TextStim(__class__=<class 'psychopy.visual.text.TextStim'>, alignHoriz=method-wrapper(...), alignText='center', alignVert=method-wrapper(...), anchorHoriz='center', anchorVert='center', antialias=True, autoDraw=False, autoLog=True, bold=False, color=array([1, 1, 1]), colorSpace='rgb', contrast=1.0, depth=-3.0, flipHoriz=False, flipVert=False, font='Open Sans', fontFiles=[], height=0.1, italic=False, languageStyle='LTR', name='RAmtText_2', opacity=1.0, ori=0.0, pos=array([0.5 , 0.15]), rgb=UNKNOWN, text='', units='height', win=Window(...), wrapWidth=1)
558.0709 	EXP 	Created RProbText_2 = TextStim(__class__=<class 'psychopy.visual.text.TextStim'>, alignHoriz=method-wrapper(...), alignText='center', alignVert=method-wrapper(...), anchorHoriz='center', anchorVert='center', antialias=True, autoDraw=False, autoLog=True, bold=False, color=array([1, 1, 1]), colorSpace='rgb', contrast=1.0, depth=-4.0, flipHoriz=False, flipVert=False, font='Open Sans', fontFiles=[], height=0.1, italic=False, languageStyle='LTR', name='RProbText_2', opacity=1.0, ori=0.0, pos=array([ 0.5 , -0.15]), rgb=UNKNOWN, text='', units='height', win=Window(...), wrapWidth=1)
558.0719 	EXP 	Created FeedbackRectangle = Rect(__class__=<class 'psychopy.visual.rect.Rect'>, anchor=('center', 'center'), autoDraw=False, autoLog=True, closeShape=True, color=method-wrapper(...), colorSpace='rgb', contrast=None, depth=-5.0, fillColor=array([0, 0, 0]), fillColorSpace='rgb', fillRGB=array([0, 0, 0]), interpolate=True, lineColor=array([1, 1, 1]), lineColorSpace='rgb', lineRGB=array([1, 1, 1]), lineWidth=12.0, name='FeedbackRectangle', opacity=0.5, ori=0.0, pos=array([0., 0.]), size=array([0.5 , 0.75]), units='height', vertices=ndarray(...), win=Window(...))
558.0724 	EXP 	Created ITIText = TextStim(__class__=<class 'psychopy.visual.text.TextStim'>, alignHoriz=method-wrapper(...), alignText='center', alignVert=method-wrapper(...), anchorHoriz='center', anchorVert='center', antialias=True, autoDraw=False, autoLog=True, bold=False, color=array([1, 1, 1]), colorSpace='rgb', contrast=1.0, depth=-1.0, flipHoriz=False, flipVert=False, font='Open Sans', fontFiles=[], height=0.1, italic=False, languageStyle='LTR', name='ITIText', opacity=1.0, ori=0.0, pos=array([0., 0.]), rgb=UNKNOWN, text='', units='height', win=Window(...), wrapWidth=1)
558.0729 	EXP 	Created EndBlockText = TextStim(__class__=<class 'psychopy.visual.text.TextStim'>, alignHoriz=method-wrapper(...), alignText='center', alignVert=method-wrapper(...), anchorHoriz='center', anchorVert='center', antialias=True, autoDraw=False, autoLog=True, bold=False, color=array([1, 1, 1]), colorSpace='rgb', contrast=1.0, depth=0.0, flipHoriz=False, flipVert=False, font='Open Sans', fontFiles=[], height=0.05, italic=False, languageStyle='LTR', name='EndBlockText', opacity=1.0, ori=0.0, pos=array([0., 0.]), rgb=UNKNOWN, text='', units='height', win=Window(...), wrapWidth=1)
558.0734 	EXP 	Created SeletedGamblesText = TextStim(__class__=<class 'psychopy.visual.text.TextStim'>, alignHoriz=method-wrapper(...), alignText='center', alignVert=method-wrapper(...), anchorHoriz='center', anchorVert='center', antialias=True, autoDraw=False, autoLog=True, bold=False, color=array([1, 1, 1]), colorSpace='rgb', contrast=1.0, depth=-1.0, flipHoriz=False, flipVert=False, font='Open Sans', fontFiles=[], height=0.05, italic=False, languageStyle='LTR', name='SeletedGamblesText', opacity=1.0, ori=0.0, pos=array([0., 0.]), rgb=UNKNOWN, text='', units='height', win=Window(...), wrapWidth=1)
558.0821 	EXP 	ConsentText: autoDraw = True
559.4459 	DATA 	Keypress: down
559.4593 	EXP 	ConsentText: autoDraw = False
559.4593 	EXP 	WelcomeText: autoDraw = True
559.9283 	DATA 	Keypress: down
559.9421 	EXP 	WelcomeText: autoDraw = False
559.9421 	EXP 	PracticeText: autoDraw = True
560.6940 	EXP 	Imported spreadsheet_practice.csv as conditions, 2 conditions, 9 params
560.7214 	EXP 	Created sequence: random, trialTypes=2, nReps=1, seed=4
560.7217 	EXP 	New trial (rep=0, index=0): OrderedDict([('TrialType', 'Practice'), ('Condition', 'gain'), ('Sanity', 0), ('LProb', 0.67), ('LAmt', 7.6), ('RProb', 0.41), ('RAmt', 11.4), ('TextColor', 'green'), ('FixCrossLoc', [0, 0])])
560.7603 	DATA 	Keypress: down
560.7632 	EXP 	PracticeText: autoDraw = False
560.7632 	EXP 	FixationCrossPolygon: autoDraw = True
561.6777 	EXP 	FixationCrossPolygon: autoDraw = False
561.6777 	EXP 	LAmtText: foreColor = <psychopy.colors.Color: green, alpha=1.0>
561.6777 	EXP 	LAmtText: height = 0.1
561.6777 	EXP 	LAmtText: height = 0.1
561.6777 	EXP 	LAmtText: height = 0.1
561.6777 	EXP 	LAmtText: text = 7.6
561.6777 	EXP 	LProbText: foreColor = <psychopy.colors.Color: green, alpha=1.0>
561.6777 	EXP 	LProbText: height = 0.1
561.6777 	EXP 	LProbText: height = 0.1
561.6777 	EXP 	LProbText: height = 0.1
561.6777 	EXP 	LProbText: text = '67%'
561.6777 	EXP 	RAmtText: foreColor = <psychopy.colors.Color: green, alpha=1.0>
561.6777 	EXP 	RAmtText: height = 0.1
561.6777 	EXP 	RAmtText: height = 0.1
561.6777 	EXP 	RAmtText: height = 0.1
561.6777 	EXP 	RAmtText: text = 11.4
561.6777 	EXP 	RProbText: foreColor = <psychopy.colors.Color: green, alpha=1.0>
561.6777 	EXP 	RProbText: height = 0.1
561.6777 	EXP 	RProbText: height = 0.1
561.6777 	EXP 	RProbText: height = 0.1
561.6777 	EXP 	RProbText: text = '41%'
561.6777 	EXP 	LAmtText: autoDraw = True
561.6777 	EXP 	LProbText: autoDraw = True
561.6777 	EXP 	RAmtText: autoDraw = True
561.6777 	EXP 	RProbText: autoDraw = True
562.5543 	DATA 	Keypress: right
562.5576 	EXP 	LAmtText: autoDraw = False
562.5576 	EXP 	LProbText: autoDraw = False
562.5576 	EXP 	RAmtText: autoDraw = False
562.5576 	EXP 	RProbText: autoDraw = False
562.5576 	EXP 	LAmtText_2: foreColor = <psychopy.colors.Color: green, alpha=1.0>
562.5576 	EXP 	LAmtText_2: height = 0.1
562.5576 	EXP 	LAmtText_2: height = 0.1
562.5576 	EXP 	LAmtText_2: height = 0.1
562.5576 	EXP 	LAmtText_2: text = 7.6
562.5576 	EXP 	LProbText_2: foreColor = <psychopy.colors.Color: green, alpha=1.0>
562.5576 	EXP 	LProbText_2: height = 0.1
562.5576 	EXP 	LProbText_2: height = 0.1
562.5576 	EXP 	LProbText_2: height = 0.1
562.5576 	EXP 	LProbText_2: text = '67%'
562.5576 	EXP 	RAmtText_2: foreColor = <psychopy.colors.Color: green, alpha=1.0>
562.5576 	EXP 	RAmtText_2: height = 0.1
562.5576 	EXP 	RAmtText_2: height = 0.1
562.5576 	EXP 	RAmtText_2: height = 0.1
562.5576 	EXP 	RAmtText_2: text = 11.4
562.5576 	EXP 	RProbText_2: foreColor = <psychopy.colors.Color: green, alpha=1.0>
562.5576 	EXP 	RProbText_2: height = 0.1
562.5576 	EXP 	RProbText_2: height = 0.1
562.5576 	EXP 	RProbText_2: height = 0.1
562.5576 	EXP 	RProbText_2: text = '41%'
562.5576 	EXP 	LAmtText_2: autoDraw = True
562.5576 	EXP 	LProbText_2: autoDraw = True
562.5576 	EXP 	RAmtText_2: autoDraw = True
562.5576 	EXP 	RProbText_2: autoDraw = True
562.5576 	EXP 	FeedbackRectangle: autoDraw = True
563.5571 	EXP 	LAmtText_2: autoDraw = False
563.5571 	EXP 	LProbText_2: autoDraw = False
563.5571 	EXP 	RAmtText_2: autoDraw = False
563.5571 	EXP 	RProbText_2: autoDraw = False
563.5571 	EXP 	FeedbackRectangle: autoDraw = False
563.5571 	EXP 	LAmtText_2: autoDraw = False
563.5571 	EXP 	LProbText_2: autoDraw = False
563.5571 	EXP 	RAmtText_2: autoDraw = False
563.5571 	EXP 	RProbText_2: autoDraw = False
563.5571 	EXP 	FeedbackRectangle: autoDraw = False
563.5571 	EXP 	ITIText: height = 0.1
563.5571 	EXP 	ITIText: height = 0.1
563.5571 	EXP 	ITIText: height = 0.1
563.5571 	EXP 	ITIText: text = '   '
563.5571 	EXP 	ITIText: autoDraw = True
564.5408 	EXP 	New trial (rep=0, index=1): OrderedDict([('TrialType', 'Practice'), ('Condition', 'gain'), ('Sanity', 0), ('LProb', 0.64), ('LAmt', 6.1), ('RProb', 0.32), ('RAmt', 7.7), ('TextColor', 'green'), ('FixCrossLoc', [0, 0])])
564.5563 	EXP 	ITIText: autoDraw = False
564.5563 	EXP 	ITIText: autoDraw = False
564.5563 	EXP 	FixationCrossPolygon: autoDraw = True
565.5562 	EXP 	FixationCrossPolygon: autoDraw = False
565.5562 	EXP 	FixationCrossPolygon: autoDraw = False
565.5562 	EXP 	LAmtText: foreColor = <psychopy.colors.Color: green, alpha=1.0>
565.5562 	EXP 	LAmtText: height = 0.1
565.5562 	EXP 	LAmtText: height = 0.1
565.5562 	EXP 	LAmtText: height = 0.1
565.5562 	EXP 	LAmtText: text = 6.1
565.5562 	EXP 	LProbText: foreColor = <psychopy.colors.Color: green, alpha=1.0>
565.5562 	EXP 	LProbText: height = 0.1
565.5562 	EXP 	LProbText: height = 0.1
565.5562 	EXP 	LProbText: height = 0.1
565.5562 	EXP 	LProbText: text = '64%'
565.5562 	EXP 	RAmtText: foreColor = <psychopy.colors.Color: green, alpha=1.0>
565.5562 	EXP 	RAmtText: height = 0.1
565.5562 	EXP 	RAmtText: height = 0.1
565.5562 	EXP 	RAmtText: height = 0.1
565.5562 	EXP 	RAmtText: text = 7.7
565.5562 	EXP 	RProbText: foreColor = <psychopy.colors.Color: green, alpha=1.0>
565.5562 	EXP 	RProbText: height = 0.1
565.5562 	EXP 	RProbText: height = 0.1
565.5562 	EXP 	RProbText: height = 0.1
565.5562 	EXP 	RProbText: text = '32%'
565.5562 	EXP 	LAmtText: autoDraw = True
565.5562 	EXP 	LProbText: autoDraw = True
565.5562 	EXP 	RAmtText: autoDraw = True
565.5562 	EXP 	RProbText: autoDraw = True
566.1166 	DATA 	Keypress: left
566.1226 	EXP 	LAmtText: autoDraw = False
566.1226 	EXP 	LProbText: autoDraw = False
566.1226 	EXP 	RAmtText: autoDraw = False
566.1226 	EXP 	RProbText: autoDraw = False
566.1226 	EXP 	LAmtText_2: foreColor = <psychopy.colors.Color: green, alpha=1.0>
566.1226 	EXP 	LAmtText_2: height = 0.1
566.1226 	EXP 	LAmtText_2: height = 0.1
566.1226 	EXP 	LAmtText_2: height = 0.1
566.1226 	EXP 	LAmtText_2: text = 6.1
566.1226 	EXP 	LProbText_2: foreColor = <psychopy.colors.Color: green, alpha=1.0>
566.1226 	EXP 	LProbText_2: height = 0.1
566.1226 	EXP 	LProbText_2: height = 0.1
566.1226 	EXP 	LProbText_2: height = 0.1
566.1226 	EXP 	LProbText_2: text = '64%'
566.1226 	EXP 	RAmtText_2: foreColor = <psychopy.colors.Color: green, alpha=1.0>
566.1226 	EXP 	RAmtText_2: height = 0.1
566.1226 	EXP 	RAmtText_2: height = 0.1
566.1226 	EXP 	RAmtText_2: height = 0.1
566.1226 	EXP 	RAmtText_2: text = 7.7
566.1226 	EXP 	RProbText_2: foreColor = <psychopy.colors.Color: green, alpha=1.0>
566.1226 	EXP 	RProbText_2: height = 0.1
566.1226 	EXP 	RProbText_2: height = 0.1
566.1226 	EXP 	RProbText_2: height = 0.1
566.1226 	EXP 	RProbText_2: text = '32%'
566.1226 	EXP 	LAmtText_2: autoDraw = True
566.1226 	EXP 	LProbText_2: autoDraw = True
566.1226 	EXP 	RAmtText_2: autoDraw = True
566.1226 	EXP 	RProbText_2: autoDraw = True
566.1226 	EXP 	FeedbackRectangle: autoDraw = True
567.1219 	EXP 	LAmtText_2: autoDraw = False
567.1219 	EXP 	LProbText_2: autoDraw = False
567.1219 	EXP 	RAmtText_2: autoDraw = False
567.1219 	EXP 	RProbText_2: autoDraw = False
567.1219 	EXP 	FeedbackRectangle: autoDraw = False
567.1219 	EXP 	LAmtText_2: autoDraw = False
567.1219 	EXP 	LProbText_2: autoDraw = False
567.1219 	EXP 	RAmtText_2: autoDraw = False
567.1219 	EXP 	RProbText_2: autoDraw = False
567.1219 	EXP 	FeedbackRectangle: autoDraw = False
567.1219 	EXP 	ITIText: text = '   '
567.1219 	EXP 	ITIText: autoDraw = True
568.1216 	EXP 	ITIText: autoDraw = False
568.1216 	EXP 	ITIText: autoDraw = False
568.1216 	EXP 	ExperimentBeginText: autoDraw = True
569.2962 	EXP 	Imported blocks_gl.csv as conditions, 2 conditions, 2 params
569.2965 	EXP 	Created sequence: sequential, trialTypes=2, nReps=1, seed=None
569.2967 	EXP 	New trial (rep=0, index=0): OrderedDict([('spreadsheet', 'spreadsheet_gain.csv'), ('EndBlockTextVar', "Feel free to take a break. When ready, let the experimenter know and press 'Down Arrow' to continue with experiment.")])
569.2986 	DATA 	Keypress: down
569.3040 	EXP 	ExperimentBeginText: autoDraw = False
569.3040 	EXP 	StartBlockText: autoDraw = True
572.2966 	EXP 	Imported spreadsheet_gain.csv as conditions, 2 conditions, 9 params
572.2969 	EXP 	Created sequence: random, trialTypes=2, nReps=1, seed=4
572.2971 	EXP 	New trial (rep=0, index=0): OrderedDict([('TrialType', 'Trial'), ('Condition', 'gain'), ('Sanity', 0), ('LProb', 0.59), ('LAmt', 6.4), ('RProb', 0.46), ('RAmt', 11.5), ('TextColor', 'green'), ('FixCrossLoc', [0, 0])])
572.3029 	EXP 	StartBlockText: autoDraw = False
572.3029 	EXP 	StartBlockText: autoDraw = False
572.3029 	EXP 	FixationCrossPolygon: autoDraw = True
573.3067 	EXP 	FixationCrossPolygon: autoDraw = False
573.3067 	EXP 	FixationCrossPolygon: autoDraw = False
573.3067 	EXP 	LAmtText: foreColor = <psychopy.colors.Color: green, alpha=1.0>
573.3067 	EXP 	LAmtText: height = 0.1
573.3067 	EXP 	LAmtText: height = 0.1
573.3067 	EXP 	LAmtText: height = 0.1
573.3067 	EXP 	LAmtText: text = 6.4
573.3067 	EXP 	LProbText: foreColor = <psychopy.colors.Color: green, alpha=1.0>
573.3067 	EXP 	LProbText: height = 0.1
573.3067 	EXP 	LProbText: height = 0.1
573.3067 	EXP 	LProbText: height = 0.1
573.3067 	EXP 	LProbText: text = '59%'
573.3067 	EXP 	RAmtText: foreColor = <psychopy.colors.Color: green, alpha=1.0>
573.3067 	EXP 	RAmtText: height = 0.1
573.3067 	EXP 	RAmtText: height = 0.1
573.3067 	EXP 	RAmtText: height = 0.1
573.3067 	EXP 	RAmtText: text = 11.5
573.3067 	EXP 	RProbText: foreColor = <psychopy.colors.Color: green, alpha=1.0>
573.3067 	EXP 	RProbText: height = 0.1
573.3067 	EXP 	RProbText: height = 0.1
573.3067 	EXP 	RProbText: height = 0.1
573.3067 	EXP 	RProbText: text = '46%'
573.3067 	EXP 	LAmtText: autoDraw = True
573.3067 	EXP 	LProbText: autoDraw = True
573.3067 	EXP 	RAmtText: autoDraw = True
573.3067 	EXP 	RProbText: autoDraw = True
573.8647 	DATA 	Keypress: right
573.8694 	EXP 	LAmtText: autoDraw = False
573.8694 	EXP 	LProbText: autoDraw = False
573.8694 	EXP 	RAmtText: autoDraw = False
573.8694 	EXP 	RProbText: autoDraw = False
573.8694 	EXP 	LAmtText_2: foreColor = <psychopy.colors.Color: green, alpha=1.0>
573.8694 	EXP 	LAmtText_2: height = 0.1
573.8694 	EXP 	LAmtText_2: height = 0.1
573.8694 	EXP 	LAmtText_2: height = 0.1
573.8694 	EXP 	LAmtText_2: text = 6.4
573.8694 	EXP 	LProbText_2: foreColor = <psychopy.colors.Color: green, alpha=1.0>
573.8694 	EXP 	LProbText_2: height = 0.1
573.8694 	EXP 	LProbText_2: height = 0.1
573.8694 	EXP 	LProbText_2: height = 0.1
573.8694 	EXP 	LProbText_2: text = '59%'
573.8694 	EXP 	RAmtText_2: foreColor = <psychopy.colors.Color: green, alpha=1.0>
573.8694 	EXP 	RAmtText_2: height = 0.1
573.8694 	EXP 	RAmtText_2: height = 0.1
573.8694 	EXP 	RAmtText_2: height = 0.1
573.8694 	EXP 	RAmtText_2: text = 11.5
573.8694 	EXP 	RProbText_2: foreColor = <psychopy.colors.Color: green, alpha=1.0>
573.8694 	EXP 	RProbText_2: height = 0.1
573.8694 	EXP 	RProbText_2: height = 0.1
573.8694 	EXP 	RProbText_2: height = 0.1
573.8694 	EXP 	RProbText_2: text = '46%'
573.8694 	EXP 	LAmtText_2: autoDraw = True
573.8694 	EXP 	LProbText_2: autoDraw = True
573.8694 	EXP 	RAmtText_2: autoDraw = True
573.8694 	EXP 	RProbText_2: autoDraw = True
573.8694 	EXP 	FeedbackRectangle: autoDraw = True
574.8685 	EXP 	LAmtText_2: autoDraw = False
574.8685 	EXP 	LProbText_2: autoDraw = False
574.8685 	EXP 	RAmtText_2: autoDraw = False
574.8685 	EXP 	RProbText_2: autoDraw = False
574.8685 	EXP 	FeedbackRectangle: autoDraw = False
574.8685 	EXP 	LAmtText_2: autoDraw = False
574.8685 	EXP 	LProbText_2: autoDraw = False
574.8685 	EXP 	RAmtText_2: autoDraw = False
574.8685 	EXP 	RProbText_2: autoDraw = False
574.8685 	EXP 	FeedbackRectangle: autoDraw = False
574.8685 	EXP 	ITIText: text = '   '
574.8685 	EXP 	ITIText: autoDraw = True
575.8526 	EXP 	New trial (rep=0, index=1): OrderedDict([('TrialType', 'Trial'), ('Condition', 'gain'), ('Sanity', 0), ('LProb', 0.5), ('LAmt', 10.9), ('RProb', 0.6), ('RAmt', 8.5), ('TextColor', 'green'), ('FixCrossLoc', [0, 0])])
575.8679 	EXP 	ITIText: autoDraw = False
575.8679 	EXP 	ITIText: autoDraw = False
575.8679 	EXP 	FixationCrossPolygon: autoDraw = True
576.8688 	EXP 	FixationCrossPolygon: autoDraw = False
576.8688 	EXP 	FixationCrossPolygon: autoDraw = False
576.8688 	EXP 	LAmtText: foreColor = <psychopy.colors.Color: green, alpha=1.0>
576.8688 	EXP 	LAmtText: height = 0.1
576.8688 	EXP 	LAmtText: height = 0.1
576.8688 	EXP 	LAmtText: height = 0.1
576.8688 	EXP 	LAmtText: text = 10.9
576.8688 	EXP 	LProbText: foreColor = <psychopy.colors.Color: green, alpha=1.0>
576.8688 	EXP 	LProbText: height = 0.1
576.8688 	EXP 	LProbText: height = 0.1
576.8688 	EXP 	LProbText: height = 0.1
576.8688 	EXP 	LProbText: text = '50%'
576.8688 	EXP 	RAmtText: foreColor = <psychopy.colors.Color: green, alpha=1.0>
576.8688 	EXP 	RAmtText: height = 0.1
576.8688 	EXP 	RAmtText: height = 0.1
576.8688 	EXP 	RAmtText: height = 0.1
576.8688 	EXP 	RAmtText: text = 8.5
576.8688 	EXP 	RProbText: foreColor = <psychopy.colors.Color: green, alpha=1.0>
576.8688 	EXP 	RProbText: height = 0.1
576.8688 	EXP 	RProbText: height = 0.1
576.8688 	EXP 	RProbText: height = 0.1
576.8688 	EXP 	RProbText: text = '60%'
576.8688 	EXP 	LAmtText: autoDraw = True
576.8688 	EXP 	LProbText: autoDraw = True
576.8688 	EXP 	RAmtText: autoDraw = True
576.8688 	EXP 	RProbText: autoDraw = True
577.4512 	DATA 	Keypress: left
577.4542 	EXP 	LAmtText: autoDraw = False
577.4542 	EXP 	LProbText: autoDraw = False
577.4542 	EXP 	RAmtText: autoDraw = False
577.4542 	EXP 	RProbText: autoDraw = False
577.4542 	EXP 	LAmtText_2: foreColor = <psychopy.colors.Color: green, alpha=1.0>
577.4542 	EXP 	LAmtText_2: height = 0.1
577.4542 	EXP 	LAmtText_2: height = 0.1
577.4542 	EXP 	LAmtText_2: height = 0.1
577.4542 	EXP 	LAmtText_2: text = 10.9
577.4542 	EXP 	LProbText_2: foreColor = <psychopy.colors.Color: green, alpha=1.0>
577.4542 	EXP 	LProbText_2: height = 0.1
577.4542 	EXP 	LProbText_2: height = 0.1
577.4542 	EXP 	LProbText_2: height = 0.1
577.4542 	EXP 	LProbText_2: text = '50%'
577.4542 	EXP 	RAmtText_2: foreColor = <psychopy.colors.Color: green, alpha=1.0>
577.4542 	EXP 	RAmtText_2: height = 0.1
577.4542 	EXP 	RAmtText_2: height = 0.1
577.4542 	EXP 	RAmtText_2: height = 0.1
577.4542 	EXP 	RAmtText_2: text = 8.5
577.4542 	EXP 	RProbText_2: foreColor = <psychopy.colors.Color: green, alpha=1.0>
577.4542 	EXP 	RProbText_2: height = 0.1
577.4542 	EXP 	RProbText_2: height = 0.1
577.4542 	EXP 	RProbText_2: height = 0.1
577.4542 	EXP 	RProbText_2: text = '60%'
577.4542 	EXP 	LAmtText_2: autoDraw = True
577.4542 	EXP 	LProbText_2: autoDraw = True
577.4542 	EXP 	RAmtText_2: autoDraw = True
577.4542 	EXP 	RProbText_2: autoDraw = True
577.4542 	EXP 	FeedbackRectangle: autoDraw = True
578.4668 	EXP 	LAmtText_2: autoDraw = False
578.4668 	EXP 	LProbText_2: autoDraw = False
578.4668 	EXP 	RAmtText_2: autoDraw = False
578.4668 	EXP 	RProbText_2: autoDraw = False
578.4668 	EXP 	FeedbackRectangle: autoDraw = False
578.4668 	EXP 	LAmtText_2: autoDraw = False
578.4668 	EXP 	LProbText_2: autoDraw = False
578.4668 	EXP 	RAmtText_2: autoDraw = False
578.4668 	EXP 	RProbText_2: autoDraw = False
578.4668 	EXP 	FeedbackRectangle: autoDraw = False
578.4668 	EXP 	ITIText: text = '   '
578.4668 	EXP 	ITIText: autoDraw = True
579.4669 	EXP 	ITIText: autoDraw = False
579.4669 	EXP 	ITIText: autoDraw = False
579.4669 	EXP 	EndBlockText: height = 0.05
579.4669 	EXP 	EndBlockText: height = 0.05
579.4669 	EXP 	EndBlockText: height = 0.05
579.4669 	EXP 	EndBlockText: text = "Block end. \n\nFeel free to take a break. When ready, let the experimenter know and press 'Down Arrow' to continue with experiment."
579.4669 	EXP 	EndBlockText: autoDraw = True
580.0680 	EXP 	New trial (rep=0, index=1): OrderedDict([('spreadsheet', 'spreadsheet_loss.csv'), ('EndBlockTextVar', "End of experiment. Press 'Down Arrow' to see which trials were selected for your bonus payment.")])
580.0693 	DATA 	Keypress: down
580.0828 	EXP 	EndBlockText: autoDraw = False
580.0828 	EXP 	StartBlockText: autoDraw = True
583.0910 	EXP 	Imported spreadsheet_loss.csv as conditions, 2 conditions, 9 params
583.0912 	EXP 	Created sequence: random, trialTypes=2, nReps=1, seed=4
583.0915 	EXP 	New trial (rep=0, index=0): OrderedDict([('TrialType', 'Trial'), ('Condition', 'loss'), ('Sanity', 0), ('LProb', 0.25), ('LAmt', -8.5), ('RProb', 0.13), ('RAmt', -11.3), ('TextColor', 'red'), ('FixCrossLoc', [0, 0])])
583.0986 	EXP 	StartBlockText: autoDraw = False
583.0986 	EXP 	FixationCrossPolygon: autoDraw = True
584.1018 	EXP 	FixationCrossPolygon: autoDraw = False
584.1018 	EXP 	LAmtText: foreColor = <psychopy.colors.Color: red, alpha=1.0>
584.1018 	EXP 	LAmtText: height = 0.1
584.1018 	EXP 	LAmtText: height = 0.1
584.1018 	EXP 	LAmtText: height = 0.1
584.1018 	EXP 	LAmtText: text = -8.5
584.1018 	EXP 	LProbText: foreColor = <psychopy.colors.Color: red, alpha=1.0>
584.1018 	EXP 	LProbText: height = 0.1
584.1018 	EXP 	LProbText: height = 0.1
584.1018 	EXP 	LProbText: height = 0.1
584.1018 	EXP 	LProbText: text = '25%'
584.1018 	EXP 	RAmtText: foreColor = <psychopy.colors.Color: red, alpha=1.0>
584.1018 	EXP 	RAmtText: height = 0.1
584.1018 	EXP 	RAmtText: height = 0.1
584.1018 	EXP 	RAmtText: height = 0.1
584.1018 	EXP 	RAmtText: text = -11.3
584.1018 	EXP 	RProbText: foreColor = <psychopy.colors.Color: red, alpha=1.0>
584.1018 	EXP 	RProbText: height = 0.1
584.1018 	EXP 	RProbText: height = 0.1
584.1018 	EXP 	RProbText: height = 0.1
584.1018 	EXP 	RProbText: text = '13%'
584.1018 	EXP 	LAmtText: autoDraw = True
584.1018 	EXP 	LProbText: autoDraw = True
584.1018 	EXP 	RAmtText: autoDraw = True
584.1018 	EXP 	RProbText: autoDraw = True
584.4261 	DATA 	Keypress: right
584.4310 	EXP 	LAmtText: autoDraw = False
584.4310 	EXP 	LProbText: autoDraw = False
584.4310 	EXP 	RAmtText: autoDraw = False
584.4310 	EXP 	RProbText: autoDraw = False
584.4310 	EXP 	LAmtText_2: foreColor = <psychopy.colors.Color: red, alpha=1.0>
584.4310 	EXP 	LAmtText_2: height = 0.1
584.4310 	EXP 	LAmtText_2: height = 0.1
584.4310 	EXP 	LAmtText_2: height = 0.1
584.4310 	EXP 	LAmtText_2: text = -8.5
584.4310 	EXP 	LProbText_2: foreColor = <psychopy.colors.Color: red, alpha=1.0>
584.4310 	EXP 	LProbText_2: height = 0.1
584.4310 	EXP 	LProbText_2: height = 0.1
584.4310 	EXP 	LProbText_2: height = 0.1
584.4310 	EXP 	LProbText_2: text = '25%'
584.4310 	EXP 	RAmtText_2: foreColor = <psychopy.colors.Color: red, alpha=1.0>
584.4310 	EXP 	RAmtText_2: height = 0.1
584.4310 	EXP 	RAmtText_2: height = 0.1
584.4310 	EXP 	RAmtText_2: height = 0.1
584.4310 	EXP 	RAmtText_2: text = -11.3
584.4310 	EXP 	RProbText_2: foreColor = <psychopy.colors.Color: red, alpha=1.0>
584.4310 	EXP 	RProbText_2: height = 0.1
584.4310 	EXP 	RProbText_2: height = 0.1
584.4310 	EXP 	RProbText_2: height = 0.1
584.4310 	EXP 	RProbText_2: text = '13%'
584.4310 	EXP 	LAmtText_2: autoDraw = True
584.4310 	EXP 	LProbText_2: autoDraw = True
584.4310 	EXP 	RAmtText_2: autoDraw = True
584.4310 	EXP 	RProbText_2: autoDraw = True
584.4310 	EXP 	FeedbackRectangle: autoDraw = True
585.4302 	EXP 	LAmtText_2: autoDraw = False
585.4302 	EXP 	LProbText_2: autoDraw = False
585.4302 	EXP 	RAmtText_2: autoDraw = False
585.4302 	EXP 	RProbText_2: autoDraw = False
585.4302 	EXP 	FeedbackRectangle: autoDraw = False
585.4302 	EXP 	LAmtText_2: autoDraw = False
585.4302 	EXP 	LProbText_2: autoDraw = False
585.4302 	EXP 	RAmtText_2: autoDraw = False
585.4302 	EXP 	RProbText_2: autoDraw = False
585.4302 	EXP 	FeedbackRectangle: autoDraw = False
585.4302 	EXP 	ITIText: text = '   '
585.4302 	EXP 	ITIText: autoDraw = True
586.4144 	EXP 	New trial (rep=0, index=1): OrderedDict([('TrialType', 'Trial'), ('Condition', 'loss'), ('Sanity', 0), ('LProb', 0.3), ('LAmt', -8.9), ('RProb', 0.71), ('RAmt', -7.2), ('TextColor', 'red'), ('FixCrossLoc', [0, 0])])
586.4299 	EXP 	ITIText: autoDraw = False
586.4299 	EXP 	ITIText: autoDraw = False
586.4299 	EXP 	FixationCrossPolygon: autoDraw = True
587.4314 	EXP 	FixationCrossPolygon: autoDraw = False
587.4314 	EXP 	FixationCrossPolygon: autoDraw = False
587.4314 	EXP 	LAmtText: foreColor = <psychopy.colors.Color: red, alpha=1.0>
587.4314 	EXP 	LAmtText: height = 0.1
587.4314 	EXP 	LAmtText: height = 0.1
587.4314 	EXP 	LAmtText: height = 0.1
587.4314 	EXP 	LAmtText: text = -8.9
587.4314 	EXP 	LProbText: foreColor = <psychopy.colors.Color: red, alpha=1.0>
587.4314 	EXP 	LProbText: height = 0.1
587.4314 	EXP 	LProbText: height = 0.1
587.4314 	EXP 	LProbText: height = 0.1
587.4314 	EXP 	LProbText: text = '30%'
587.4314 	EXP 	RAmtText: foreColor = <psychopy.colors.Color: red, alpha=1.0>
587.4314 	EXP 	RAmtText: height = 0.1
587.4314 	EXP 	RAmtText: height = 0.1
587.4314 	EXP 	RAmtText: height = 0.1
587.4314 	EXP 	RAmtText: text = -7.2
587.4314 	EXP 	RProbText: foreColor = <psychopy.colors.Color: red, alpha=1.0>
587.4314 	EXP 	RProbText: height = 0.1
587.4314 	EXP 	RProbText: height = 0.1
587.4314 	EXP 	RProbText: height = 0.1
587.4314 	EXP 	RProbText: text = '71%'
587.4314 	EXP 	LAmtText: autoDraw = True
587.4314 	EXP 	LProbText: autoDraw = True
587.4314 	EXP 	RAmtText: autoDraw = True
587.4314 	EXP 	RProbText: autoDraw = True
587.8971 	DATA 	Keypress: left
587.9002 	EXP 	LAmtText: autoDraw = False
587.9002 	EXP 	LProbText: autoDraw = False
587.9002 	EXP 	RAmtText: autoDraw = False
587.9002 	EXP 	RProbText: autoDraw = False
587.9002 	EXP 	LAmtText_2: foreColor = <psychopy.colors.Color: red, alpha=1.0>
587.9002 	EXP 	LAmtText_2: height = 0.1
587.9002 	EXP 	LAmtText_2: height = 0.1
587.9002 	EXP 	LAmtText_2: height = 0.1
587.9002 	EXP 	LAmtText_2: text = -8.9
587.9002 	EXP 	LProbText_2: foreColor = <psychopy.colors.Color: red, alpha=1.0>
587.9002 	EXP 	LProbText_2: height = 0.1
587.9002 	EXP 	LProbText_2: height = 0.1
587.9002 	EXP 	LProbText_2: height = 0.1
587.9002 	EXP 	LProbText_2: text = '30%'
587.9002 	EXP 	RAmtText_2: foreColor = <psychopy.colors.Color: red, alpha=1.0>
587.9002 	EXP 	RAmtText_2: height = 0.1
587.9002 	EXP 	RAmtText_2: height = 0.1
587.9002 	EXP 	RAmtText_2: height = 0.1
587.9002 	EXP 	RAmtText_2: text = -7.2
587.9002 	EXP 	RProbText_2: foreColor = <psychopy.colors.Color: red, alpha=1.0>
587.9002 	EXP 	RProbText_2: height = 0.1
587.9002 	EXP 	RProbText_2: height = 0.1
587.9002 	EXP 	RProbText_2: height = 0.1
587.9002 	EXP 	RProbText_2: text = '71%'
587.9002 	EXP 	LAmtText_2: autoDraw = True
587.9002 	EXP 	LProbText_2: autoDraw = True
587.9002 	EXP 	RAmtText_2: autoDraw = True
587.9002 	EXP 	RProbText_2: autoDraw = True
587.9002 	EXP 	FeedbackRectangle: autoDraw = True
588.9127 	EXP 	LAmtText_2: autoDraw = False
588.9127 	EXP 	LProbText_2: autoDraw = False
588.9127 	EXP 	RAmtText_2: autoDraw = False
588.9127 	EXP 	RProbText_2: autoDraw = False
588.9127 	EXP 	FeedbackRectangle: autoDraw = False
588.9127 	EXP 	LAmtText_2: autoDraw = False
588.9127 	EXP 	LProbText_2: autoDraw = False
588.9127 	EXP 	RAmtText_2: autoDraw = False
588.9127 	EXP 	RProbText_2: autoDraw = False
588.9127 	EXP 	FeedbackRectangle: autoDraw = False
588.9127 	EXP 	ITIText: text = '   '
588.9127 	EXP 	ITIText: autoDraw = True
589.9119 	EXP 	ITIText: autoDraw = False
589.9119 	EXP 	ITIText: autoDraw = False
589.9119 	EXP 	EndBlockText: height = 0.05
589.9119 	EXP 	EndBlockText: height = 0.05
589.9119 	EXP 	EndBlockText: height = 0.05
589.9119 	EXP 	EndBlockText: text = "Block end. \n\nEnd of experiment. Press 'Down Arrow' to see which trials were selected for your bonus payment."
589.9119 	EXP 	EndBlockText: autoDraw = True
592.6975 	EXP 	window1: mouseVisible = True
